{"/Users/mercytum/Desktop/social-app/src/alf/util/flatten.ts":{"path":"/Users/mercytum/Desktop/social-app/src/alf/util/flatten.ts","statementMap":{"0":{"start":{"line":3,"column":23},"end":{"line":3,"column":41}}},"fnMap":{},"branchMap":{},"s":{"0":0},"f":{},"b":{},"all":true},"/Users/mercytum/Desktop/social-app/src/alf/util/unusedUseFonts.android.ts":{"path":"/Users/mercytum/Desktop/social-app/src/alf/util/unusedUseFonts.android.ts","statementMap":{"0":{"start":{"line":11,"column":2},"end":{"line":18,"column":4}}},"fnMap":{"0":{"name":"DO_NOT_USE","decl":{"start":{"line":10,"column":16},"end":{"line":10,"column":26}},"loc":{"start":{"line":10,"column":29},"end":{"line":19,"column":1}},"line":10}},"branchMap":{},"s":{"0":0},"f":{"0":0},"b":{},"all":true},"/Users/mercytum/Desktop/social-app/src/alf/util/unusedUseFonts.ts":{"path":"/Users/mercytum/Desktop/social-app/src/alf/util/unusedUseFonts.ts","statementMap":{"0":{"start":{"line":11,"column":2},"end":{"line":14,"column":4}}},"fnMap":{"0":{"name":"DO_NOT_USE","decl":{"start":{"line":10,"column":16},"end":{"line":10,"column":26}},"loc":{"start":{"line":10,"column":29},"end":{"line":15,"column":1}},"line":10}},"branchMap":{},"s":{"0":0},"f":{"0":0},"b":{},"all":true},"/Users/mercytum/Desktop/social-app/src/components/dialogs/nuxs/snoozing.ts":{"path":"/Users/mercytum/Desktop/social-app/src/components/dialogs/nuxs/snoozing.ts","statementMap":{"0":{"start":{"line":5,"column":2},"end":{"line":5,"column":57}},"1":{"start":{"line":9,"column":2},"end":{"line":9,"column":42}},"2":{"start":{"line":13,"column":24},"end":{"line":13,"column":53}},"3":{"start":{"line":14,"column":2},"end":{"line":14,"column":34}},"4":{"start":{"line":14,"column":22},"end":{"line":14,"column":34}},"5":{"start":{"line":15,"column":15},"end":{"line":15,"column":38}},"6":{"start":{"line":16,"column":14},"end":{"line":16,"column":24}},"7":{"start":{"line":18,"column":2},"end":{"line":20,"column":3}},"8":{"start":{"line":19,"column":4},"end":{"line":19,"column":15}},"9":{"start":{"line":21,"column":2},"end":{"line":21,"column":14}}},"fnMap":{"0":{"name":"snooze","decl":{"start":{"line":4,"column":16},"end":{"line":4,"column":22}},"loc":{"start":{"line":4,"column":25},"end":{"line":6,"column":1}},"line":4},"1":{"name":"unsnooze","decl":{"start":{"line":8,"column":16},"end":{"line":8,"column":24}},"loc":{"start":{"line":8,"column":27},"end":{"line":10,"column":1}},"line":8},"2":{"name":"isSnoozed","decl":{"start":{"line":12,"column":16},"end":{"line":12,"column":25}},"loc":{"start":{"line":12,"column":28},"end":{"line":22,"column":1}},"line":12}},"branchMap":{"0":{"loc":{"start":{"line":14,"column":2},"end":{"line":14,"column":34}},"type":"if","locations":[{"start":{"line":14,"column":2},"end":{"line":14,"column":34}},{"start":{},"end":{}}],"line":14},"1":{"loc":{"start":{"line":18,"column":2},"end":{"line":20,"column":3}},"type":"if","locations":[{"start":{"line":18,"column":2},"end":{"line":20,"column":3}},{"start":{},"end":{}}],"line":18}},"s":{"0":0,"1":0,"2":0,"3":0,"4":0,"5":0,"6":0,"7":0,"8":0,"9":0},"f":{"0":0,"1":0,"2":0},"b":{"0":[0,0],"1":[0,0]},"all":true},"/Users/mercytum/Desktop/social-app/src/components/dms/dialogs/TextInput.tsx":{"path":"/Users/mercytum/Desktop/social-app/src/components/dms/dialogs/TextInput.tsx","statementMap":{},"fnMap":{},"branchMap":{},"s":{},"f":{},"b":{},"all":true},"/Users/mercytum/Desktop/social-app/src/components/dms/dialogs/TextInput.web.tsx":{"path":"/Users/mercytum/Desktop/social-app/src/components/dms/dialogs/TextInput.web.tsx","statementMap":{},"fnMap":{},"branchMap":{},"s":{},"f":{},"b":{},"all":true},"/Users/mercytum/Desktop/social-app/src/components/dms/EmojiPopup.tsx":{"path":"/Users/mercytum/Desktop/social-app/src/components/dms/EmojiPopup.tsx","statementMap":{},"fnMap":{},"branchMap":{},"s":{},"f":{},"b":{},"all":true},"/Users/mercytum/Desktop/social-app/src/components/FullWindowOverlay.ios.tsx":{"path":"/Users/mercytum/Desktop/social-app/src/components/FullWindowOverlay.ios.tsx","statementMap":{},"fnMap":{},"branchMap":{},"s":{},"f":{},"b":{},"all":true},"/Users/mercytum/Desktop/social-app/src/components/FullWindowOverlay.tsx":{"path":"/Users/mercytum/Desktop/social-app/src/components/FullWindowOverlay.tsx","statementMap":{},"fnMap":{},"branchMap":{},"s":{},"f":{},"b":{},"all":true},"/Users/mercytum/Desktop/social-app/src/components/hooks/useHeaderOffset.ts":{"path":"/Users/mercytum/Desktop/social-app/src/components/hooks/useHeaderOffset.ts","statementMap":{"0":{"start":{"line":6,"column":32},"end":{"line":6,"column":52}},"1":{"start":{"line":7,"column":22},"end":{"line":7,"column":43}},"2":{"start":{"line":8,"column":2},"end":{"line":10,"column":3}},"3":{"start":{"line":9,"column":4},"end":{"line":9,"column":12}},"4":{"start":{"line":11,"column":23},"end":{"line":11,"column":25}},"5":{"start":{"line":12,"column":20},"end":{"line":12,"column":31}},"6":{"start":{"line":13,"column":27},"end":{"line":13,"column":29}},"7":{"start":{"line":14,"column":21},"end":{"line":14,"column":49}},"8":{"start":{"line":15,"column":2},"end":{"line":15,"column":50}}},"fnMap":{"0":{"name":"useHeaderOffset","decl":{"start":{"line":5,"column":16},"end":{"line":5,"column":31}},"loc":{"start":{"line":5,"column":34},"end":{"line":16,"column":1}},"line":5}},"branchMap":{"0":{"loc":{"start":{"line":8,"column":2},"end":{"line":10,"column":3}},"type":"if","locations":[{"start":{"line":8,"column":2},"end":{"line":10,"column":3}},{"start":{},"end":{}}],"line":8},"1":{"loc":{"start":{"line":8,"column":6},"end":{"line":8,"column":27}},"type":"binary-expr","locations":[{"start":{"line":8,"column":6},"end":{"line":8,"column":15}},{"start":{"line":8,"column":19},"end":{"line":8,"column":27}}],"line":8}},"s":{"0":0,"1":0,"2":0,"3":0,"4":0,"5":0,"6":0,"7":0,"8":0},"f":{"0":0},"b":{"0":[0,0],"1":[0,0]},"all":true},"/Users/mercytum/Desktop/social-app/src/components/hooks/useInteractionState.ts":{"path":"/Users/mercytum/Desktop/social-app/src/components/hooks/useInteractionState.ts","statementMap":{"0":{"start":{"line":4,"column":28},"end":{"line":4,"column":49}},"1":{"start":{"line":6,"column":15},"end":{"line":8,"column":8}},"2":{"start":{"line":7,"column":4},"end":{"line":7,"column":18}},"3":{"start":{"line":9,"column":16},"end":{"line":11,"column":8}},"4":{"start":{"line":10,"column":4},"end":{"line":10,"column":19}},"5":{"start":{"line":13,"column":2},"end":{"line":20,"column":3}},"6":{"start":{"line":14,"column":11},"end":{"line":18,"column":5}}},"fnMap":{"0":{"name":"useInteractionState","decl":{"start":{"line":3,"column":16},"end":{"line":3,"column":35}},"loc":{"start":{"line":3,"column":38},"end":{"line":21,"column":1}},"line":3},"1":{"name":"(anonymous_1)","decl":{"start":{"line":6,"column":33},"end":{"line":6,"column":34}},"loc":{"start":{"line":6,"column":39},"end":{"line":8,"column":3}},"line":6},"2":{"name":"(anonymous_2)","decl":{"start":{"line":9,"column":34},"end":{"line":9,"column":35}},"loc":{"start":{"line":9,"column":40},"end":{"line":11,"column":3}},"line":9},"3":{"name":"(anonymous_3)","decl":{"start":{"line":14,"column":4},"end":{"line":14,"column":5}},"loc":{"start":{"line":14,"column":11},"end":{"line":18,"column":5}},"line":14}},"branchMap":{},"s":{"0":0,"1":0,"2":0,"3":0,"4":0,"5":0,"6":0},"f":{"0":0,"1":0,"2":0,"3":0},"b":{},"all":true},"/Users/mercytum/Desktop/social-app/src/components/hooks/useStarterPackEntry.ts":{"path":"/Users/mercytum/Desktop/social-app/src/components/hooks/useStarterPackEntry.ts","statementMap":{"0":{"start":{"line":7,"column":28},"end":{"line":7,"column":49}},"1":{"start":{"line":9,"column":31},"end":{"line":9,"column":56}},"2":{"start":{"line":11,"column":2},"end":{"line":26,"column":28}},"3":{"start":{"line":12,"column":17},"end":{"line":12,"column":37}},"4":{"start":{"line":13,"column":18},"end":{"line":13,"column":49}},"5":{"start":{"line":15,"column":4},"end":{"line":23,"column":5}},"6":{"start":{"line":16,"column":18},"end":{"line":16,"column":31}},"7":{"start":{"line":18,"column":21},"end":{"line":18,"column":60}},"8":{"start":{"line":19,"column":6},"end":{"line":22,"column":8}},"9":{"start":{"line":25,"column":4},"end":{"line":25,"column":18}},"10":{"start":{"line":28,"column":2},"end":{"line":28,"column":14}}},"fnMap":{"0":{"name":"useStarterPackEntry","decl":{"start":{"line":6,"column":16},"end":{"line":6,"column":35}},"loc":{"start":{"line":6,"column":38},"end":{"line":29,"column":1}},"line":6},"1":{"name":"(anonymous_1)","decl":{"start":{"line":11,"column":18},"end":{"line":11,"column":19}},"loc":{"start":{"line":11,"column":24},"end":{"line":26,"column":3}},"line":11}},"branchMap":{"0":{"loc":{"start":{"line":15,"column":4},"end":{"line":23,"column":5}},"type":"if","locations":[{"start":{"line":15,"column":4},"end":{"line":23,"column":5}},{"start":{},"end":{}}],"line":15}},"s":{"0":0,"1":0,"2":0,"3":0,"4":0,"5":0,"6":0,"7":0,"8":0,"9":0,"10":0},"f":{"0":0,"1":0},"b":{"0":[0,0]},"all":true},"/Users/mercytum/Desktop/social-app/src/components/icons/Accessibility.tsx":{"path":"/Users/mercytum/Desktop/social-app/src/components/icons/Accessibility.tsx","statementMap":{"0":{"start":{"line":3,"column":53},"end":{"line":5,"column":2}}},"fnMap":{},"branchMap":{},"s":{"0":0},"f":{},"b":{},"all":true},"/Users/mercytum/Desktop/social-app/src/components/icons/Alien.tsx":{"path":"/Users/mercytum/Desktop/social-app/src/components/icons/Alien.tsx","statementMap":{"0":{"start":{"line":3,"column":45},"end":{"line":5,"column":2}}},"fnMap":{},"branchMap":{},"s":{"0":0},"f":{},"b":{},"all":true},"/Users/mercytum/Desktop/social-app/src/components/icons/AndroidLogo.tsx":{"path":"/Users/mercytum/Desktop/social-app/src/components/icons/AndroidLogo.tsx","statementMap":{"0":{"start":{"line":3,"column":27},"end":{"line":5,"column":2}}},"fnMap":{},"branchMap":{},"s":{"0":0},"f":{},"b":{},"all":true},"/Users/mercytum/Desktop/social-app/src/components/icons/Apple.tsx":{"path":"/Users/mercytum/Desktop/social-app/src/components/icons/Apple.tsx","statementMap":{"0":{"start":{"line":3,"column":45},"end":{"line":5,"column":2}}},"fnMap":{},"branchMap":{},"s":{"0":0},"f":{},"b":{},"all":true},"/Users/mercytum/Desktop/social-app/src/components/icons/AppleLogo.tsx":{"path":"/Users/mercytum/Desktop/social-app/src/components/icons/AppleLogo.tsx","statementMap":{"0":{"start":{"line":3,"column":25},"end":{"line":5,"column":2}}},"fnMap":{},"branchMap":{},"s":{"0":0},"f":{},"b":{},"all":true},"/Users/mercytum/Desktop/social-app/src/components/icons/Arrow.tsx":{"path":"/Users/mercytum/Desktop/social-app/src/components/icons/Arrow.tsx","statementMap":{"0":{"start":{"line":3,"column":53},"end":{"line":5,"column":2}},"1":{"start":{"line":7,"column":49},"end":{"line":9,"column":2}},"2":{"start":{"line":11,"column":50},"end":{"line":13,"column":2}},"3":{"start":{"line":15,"column":51},"end":{"line":17,"column":2}}},"fnMap":{},"branchMap":{},"s":{"0":0,"1":0,"2":0,"3":0},"f":{},"b":{},"all":true},"/Users/mercytum/Desktop/social-app/src/components/icons/ArrowBoxLeft.tsx":{"path":"/Users/mercytum/Desktop/social-app/src/components/icons/ArrowBoxLeft.tsx","statementMap":{"0":{"start":{"line":3,"column":52},"end":{"line":5,"column":2}},"1":{"start":{"line":7,"column":52},"end":{"line":9,"column":2}}},"fnMap":{},"branchMap":{},"s":{"0":0,"1":0},"f":{},"b":{},"all":true},"/Users/mercytum/Desktop/social-app/src/components/icons/ArrowOutOfBox.tsx":{"path":"/Users/mercytum/Desktop/social-app/src/components/icons/ArrowOutOfBox.tsx","statementMap":{"0":{"start":{"line":3,"column":53},"end":{"line":5,"column":2}}},"fnMap":{},"branchMap":{},"s":{"0":0},"f":{},"b":{},"all":true},"/Users/mercytum/Desktop/social-app/src/components/icons/ArrowRotateCounterClockwise.tsx":{"path":"/Users/mercytum/Desktop/social-app/src/components/icons/ArrowRotateCounterClockwise.tsx","statementMap":{"0":{"start":{"line":4,"column":2},"end":{"line":6,"column":4}}},"fnMap":{},"branchMap":{},"s":{"0":0},"f":{},"b":{},"all":true},"/Users/mercytum/Desktop/social-app/src/components/icons/ArrowsDiagonal.tsx":{"path":"/Users/mercytum/Desktop/social-app/src/components/icons/ArrowsDiagonal.tsx","statementMap":{"0":{"start":{"line":3,"column":57},"end":{"line":5,"column":2}},"1":{"start":{"line":7,"column":56},"end":{"line":9,"column":2}},"2":{"start":{"line":11,"column":57},"end":{"line":13,"column":2}},"3":{"start":{"line":15,"column":56},"end":{"line":17,"column":2}}},"fnMap":{},"branchMap":{},"s":{"0":0,"1":0,"2":0,"3":0},"f":{},"b":{},"all":true},"/Users/mercytum/Desktop/social-app/src/components/icons/ArrowTriangle.tsx":{"path":"/Users/mercytum/Desktop/social-app/src/components/icons/ArrowTriangle.tsx","statementMap":{"0":{"start":{"line":3,"column":59},"end":{"line":5,"column":2}}},"fnMap":{},"branchMap":{},"s":{"0":0},"f":{},"b":{},"all":true},"/Users/mercytum/Desktop/social-app/src/components/icons/AspectRatio.tsx":{"path":"/Users/mercytum/Desktop/social-app/src/components/icons/AspectRatio.tsx","statementMap":{"0":{"start":{"line":3,"column":53},"end":{"line":5,"column":2}},"1":{"start":{"line":7,"column":53},"end":{"line":9,"column":2}},"2":{"start":{"line":11,"column":53},"end":{"line":13,"column":2}}},"fnMap":{},"branchMap":{},"s":{"0":0,"1":0,"2":0},"f":{},"b":{},"all":true},"/Users/mercytum/Desktop/social-app/src/components/icons/At.tsx":{"path":"/Users/mercytum/Desktop/social-app/src/components/icons/At.tsx","statementMap":{"0":{"start":{"line":3,"column":42},"end":{"line":5,"column":2}},"1":{"start":{"line":7,"column":42},"end":{"line":9,"column":2}}},"fnMap":{},"branchMap":{},"s":{"0":0,"1":0},"f":{},"b":{},"all":true},"/Users/mercytum/Desktop/social-app/src/components/icons/Atom.tsx":{"path":"/Users/mercytum/Desktop/social-app/src/components/icons/Atom.tsx","statementMap":{"0":{"start":{"line":3,"column":44},"end":{"line":5,"column":2}}},"fnMap":{},"branchMap":{},"s":{"0":0},"f":{},"b":{},"all":true},"/Users/mercytum/Desktop/social-app/src/components/icons/Bars.tsx":{"path":"/Users/mercytum/Desktop/social-app/src/components/icons/Bars.tsx","statementMap":{"0":{"start":{"line":3,"column":45},"end":{"line":5,"column":2}}},"fnMap":{},"branchMap":{},"s":{"0":0},"f":{},"b":{},"all":true},"/Users/mercytum/Desktop/social-app/src/components/icons/Beaker.tsx":{"path":"/Users/mercytum/Desktop/social-app/src/components/icons/Beaker.tsx","statementMap":{"0":{"start":{"line":3,"column":46},"end":{"line":5,"column":2}}},"fnMap":{},"branchMap":{},"s":{"0":0},"f":{},"b":{},"all":true},"/Users/mercytum/Desktop/social-app/src/components/icons/Bell.tsx":{"path":"/Users/mercytum/Desktop/social-app/src/components/icons/Bell.tsx","statementMap":{"0":{"start":{"line":3,"column":44},"end":{"line":5,"column":2}},"1":{"start":{"line":7,"column":43},"end":{"line":9,"column":2}}},"fnMap":{},"branchMap":{},"s":{"0":0,"1":0},"f":{},"b":{},"all":true},"/Users/mercytum/Desktop/social-app/src/components/icons/Bell2.tsx":{"path":"/Users/mercytum/Desktop/social-app/src/components/icons/Bell2.tsx","statementMap":{"0":{"start":{"line":3,"column":45},"end":{"line":5,"column":2}},"1":{"start":{"line":7,"column":44},"end":{"line":9,"column":2}},"2":{"start":{"line":11,"column":48},"end":{"line":13,"column":2}},"3":{"start":{"line":15,"column":47},"end":{"line":17,"column":2}}},"fnMap":{},"branchMap":{},"s":{"0":0,"1":0,"2":0,"3":0},"f":{},"b":{},"all":true},"/Users/mercytum/Desktop/social-app/src/components/icons/BirthdayCake.tsx":{"path":"/Users/mercytum/Desktop/social-app/src/components/icons/BirthdayCake.tsx","statementMap":{"0":{"start":{"line":3,"column":52},"end":{"line":5,"column":2}}},"fnMap":{},"branchMap":{},"s":{"0":0},"f":{},"b":{},"all":true},"/Users/mercytum/Desktop/social-app/src/components/icons/Bubble.tsx":{"path":"/Users/mercytum/Desktop/social-app/src/components/icons/Bubble.tsx","statementMap":{"0":{"start":{"line":3,"column":54},"end":{"line":5,"column":2}},"1":{"start":{"line":7,"column":46},"end":{"line":9,"column":2}},"2":{"start":{"line":11,"column":46},"end":{"line":13,"column":2}},"3":{"start":{"line":15,"column":47},"end":{"line":17,"column":2}}},"fnMap":{},"branchMap":{},"s":{"0":0,"1":0,"2":0,"3":0},"f":{},"b":{},"all":true},"/Users/mercytum/Desktop/social-app/src/components/icons/BubbleInfo.tsx":{"path":"/Users/mercytum/Desktop/social-app/src/components/icons/BubbleInfo.tsx","statementMap":{"0":{"start":{"line":3,"column":50},"end":{"line":5,"column":2}}},"fnMap":{},"branchMap":{},"s":{"0":0},"f":{},"b":{},"all":true},"/Users/mercytum/Desktop/social-app/src/components/icons/BulletList.tsx":{"path":"/Users/mercytum/Desktop/social-app/src/components/icons/BulletList.tsx","statementMap":{"0":{"start":{"line":3,"column":50},"end":{"line":5,"column":2}},"1":{"start":{"line":7,"column":49},"end":{"line":9,"column":2}}},"fnMap":{},"branchMap":{},"s":{"0":0,"1":0},"f":{},"b":{},"all":true},"/Users/mercytum/Desktop/social-app/src/components/icons/Calendar.tsx":{"path":"/Users/mercytum/Desktop/social-app/src/components/icons/Calendar.tsx","statementMap":{"0":{"start":{"line":3,"column":48},"end":{"line":5,"column":2}}},"fnMap":{},"branchMap":{},"s":{"0":0},"f":{},"b":{},"all":true},"/Users/mercytum/Desktop/social-app/src/components/icons/CalendarClock.tsx":{"path":"/Users/mercytum/Desktop/social-app/src/components/icons/CalendarClock.tsx","statementMap":{"0":{"start":{"line":3,"column":53},"end":{"line":5,"column":2}}},"fnMap":{},"branchMap":{},"s":{"0":0},"f":{},"b":{},"all":true},"/Users/mercytum/Desktop/social-app/src/components/icons/CalendarDays.tsx":{"path":"/Users/mercytum/Desktop/social-app/src/components/icons/CalendarDays.tsx","statementMap":{"0":{"start":{"line":3,"column":52},"end":{"line":5,"column":2}}},"fnMap":{},"branchMap":{},"s":{"0":0},"f":{},"b":{},"all":true},"/Users/mercytum/Desktop/social-app/src/components/icons/Camera.tsx":{"path":"/Users/mercytum/Desktop/social-app/src/components/icons/Camera.tsx","statementMap":{"0":{"start":{"line":3,"column":46},"end":{"line":5,"column":2}},"1":{"start":{"line":7,"column":53},"end":{"line":9,"column":2}}},"fnMap":{},"branchMap":{},"s":{"0":0,"1":0},"f":{},"b":{},"all":true},"/Users/mercytum/Desktop/social-app/src/components/icons/Car.tsx":{"path":"/Users/mercytum/Desktop/social-app/src/components/icons/Car.tsx","statementMap":{"0":{"start":{"line":3,"column":43},"end":{"line":5,"column":2}}},"fnMap":{},"branchMap":{},"s":{"0":0},"f":{},"b":{},"all":true},"/Users/mercytum/Desktop/social-app/src/components/icons/CC.tsx":{"path":"/Users/mercytum/Desktop/social-app/src/components/icons/CC.tsx","statementMap":{"0":{"start":{"line":3,"column":42},"end":{"line":5,"column":2}},"1":{"start":{"line":7,"column":41},"end":{"line":9,"column":2}}},"fnMap":{},"branchMap":{},"s":{"0":0,"1":0},"f":{},"b":{},"all":true},"/Users/mercytum/Desktop/social-app/src/components/icons/Celebrate.tsx":{"path":"/Users/mercytum/Desktop/social-app/src/components/icons/Celebrate.tsx","statementMap":{"0":{"start":{"line":3,"column":49},"end":{"line":5,"column":2}}},"fnMap":{},"branchMap":{},"s":{"0":0},"f":{},"b":{},"all":true},"/Users/mercytum/Desktop/social-app/src/components/icons/Check.tsx":{"path":"/Users/mercytum/Desktop/social-app/src/components/icons/Check.tsx","statementMap":{"0":{"start":{"line":3,"column":45},"end":{"line":5,"column":2}},"1":{"start":{"line":7,"column":50},"end":{"line":9,"column":2}}},"fnMap":{},"branchMap":{},"s":{"0":0,"1":0},"f":{},"b":{},"all":true},"/Users/mercytum/Desktop/social-app/src/components/icons/Chevron.tsx":{"path":"/Users/mercytum/Desktop/social-app/src/components/icons/Chevron.tsx","statementMap":{"0":{"start":{"line":3,"column":51},"end":{"line":5,"column":2}},"1":{"start":{"line":7,"column":52},"end":{"line":9,"column":2}},"2":{"start":{"line":11,"column":50},"end":{"line":13,"column":2}},"3":{"start":{"line":15,"column":53},"end":{"line":17,"column":2}},"4":{"start":{"line":19,"column":56},"end":{"line":21,"column":2}}},"fnMap":{},"branchMap":{},"s":{"0":0,"1":0,"2":0,"3":0,"4":0},"f":{},"b":{},"all":true},"/Users/mercytum/Desktop/social-app/src/components/icons/CircleBanSign.tsx":{"path":"/Users/mercytum/Desktop/social-app/src/components/icons/CircleBanSign.tsx","statementMap":{"0":{"start":{"line":3,"column":53},"end":{"line":5,"column":2}}},"fnMap":{},"branchMap":{},"s":{"0":0},"f":{},"b":{},"all":true},"/Users/mercytum/Desktop/social-app/src/components/icons/CircleInfo.tsx":{"path":"/Users/mercytum/Desktop/social-app/src/components/icons/CircleInfo.tsx","statementMap":{"0":{"start":{"line":3,"column":50},"end":{"line":5,"column":2}}},"fnMap":{},"branchMap":{},"s":{"0":0},"f":{},"b":{},"all":true},"/Users/mercytum/Desktop/social-app/src/components/icons/CircleQuestion.tsx":{"path":"/Users/mercytum/Desktop/social-app/src/components/icons/CircleQuestion.tsx","statementMap":{"0":{"start":{"line":3,"column":54},"end":{"line":5,"column":2}}},"fnMap":{},"branchMap":{},"s":{"0":0},"f":{},"b":{},"all":true},"/Users/mercytum/Desktop/social-app/src/components/icons/CircleX.tsx":{"path":"/Users/mercytum/Desktop/social-app/src/components/icons/CircleX.tsx","statementMap":{"0":{"start":{"line":3,"column":47},"end":{"line":5,"column":2}}},"fnMap":{},"branchMap":{},"s":{"0":0},"f":{},"b":{},"all":true},"/Users/mercytum/Desktop/social-app/src/components/icons/Clipboard.tsx":{"path":"/Users/mercytum/Desktop/social-app/src/components/icons/Clipboard.tsx","statementMap":{"0":{"start":{"line":3,"column":49},"end":{"line":5,"column":2}}},"fnMap":{},"branchMap":{},"s":{"0":0},"f":{},"b":{},"all":true},"/Users/mercytum/Desktop/social-app/src/components/icons/Clock.tsx":{"path":"/Users/mercytum/Desktop/social-app/src/components/icons/Clock.tsx","statementMap":{"0":{"start":{"line":3,"column":45},"end":{"line":5,"column":2}}},"fnMap":{},"branchMap":{},"s":{"0":0},"f":{},"b":{},"all":true},"/Users/mercytum/Desktop/social-app/src/components/icons/CodeBrackets.tsx":{"path":"/Users/mercytum/Desktop/social-app/src/components/icons/CodeBrackets.tsx","statementMap":{"0":{"start":{"line":3,"column":52},"end":{"line":5,"column":2}},"1":{"start":{"line":7,"column":52},"end":{"line":9,"column":2}}},"fnMap":{},"branchMap":{},"s":{"0":0,"1":0},"f":{},"b":{},"all":true},"/Users/mercytum/Desktop/social-app/src/components/icons/CodeLines.tsx":{"path":"/Users/mercytum/Desktop/social-app/src/components/icons/CodeLines.tsx","statementMap":{"0":{"start":{"line":3,"column":49},"end":{"line":5,"column":2}}},"fnMap":{},"branchMap":{},"s":{"0":0},"f":{},"b":{},"all":true},"/Users/mercytum/Desktop/social-app/src/components/icons/ColorPalette.tsx":{"path":"/Users/mercytum/Desktop/social-app/src/components/icons/ColorPalette.tsx","statementMap":{"0":{"start":{"line":3,"column":52},"end":{"line":5,"column":2}}},"fnMap":{},"branchMap":{},"s":{"0":0},"f":{},"b":{},"all":true},"/Users/mercytum/Desktop/social-app/src/components/icons/Crop.tsx":{"path":"/Users/mercytum/Desktop/social-app/src/components/icons/Crop.tsx","statementMap":{"0":{"start":{"line":3,"column":44},"end":{"line":5,"column":2}}},"fnMap":{},"branchMap":{},"s":{"0":0},"f":{},"b":{},"all":true},"/Users/mercytum/Desktop/social-app/src/components/icons/DotGrid.tsx":{"path":"/Users/mercytum/Desktop/social-app/src/components/icons/DotGrid.tsx","statementMap":{"0":{"start":{"line":3,"column":47},"end":{"line":5,"column":2}}},"fnMap":{},"branchMap":{},"s":{"0":0},"f":{},"b":{},"all":true},"/Users/mercytum/Desktop/social-app/src/components/icons/Download.tsx":{"path":"/Users/mercytum/Desktop/social-app/src/components/icons/Download.tsx","statementMap":{"0":{"start":{"line":3,"column":48},"end":{"line":5,"column":2}}},"fnMap":{},"branchMap":{},"s":{"0":0},"f":{},"b":{},"all":true},"/Users/mercytum/Desktop/social-app/src/components/icons/EditBig.tsx":{"path":"/Users/mercytum/Desktop/social-app/src/components/icons/EditBig.tsx","statementMap":{"0":{"start":{"line":3,"column":47},"end":{"line":5,"column":2}}},"fnMap":{},"branchMap":{},"s":{"0":0},"f":{},"b":{},"all":true},"/Users/mercytum/Desktop/social-app/src/components/icons/Emoji.tsx":{"path":"/Users/mercytum/Desktop/social-app/src/components/icons/Emoji.tsx","statementMap":{"0":{"start":{"line":3,"column":48},"end":{"line":5,"column":2}},"1":{"start":{"line":7,"column":50},"end":{"line":9,"column":2}},"2":{"start":{"line":11,"column":48},"end":{"line":13,"column":2}},"3":{"start":{"line":15,"column":54},"end":{"line":17,"column":2}}},"fnMap":{},"branchMap":{},"s":{"0":0,"1":0,"2":0,"3":0},"f":{},"b":{},"all":true},"/Users/mercytum/Desktop/social-app/src/components/icons/Envelope.tsx":{"path":"/Users/mercytum/Desktop/social-app/src/components/icons/Envelope.tsx","statementMap":{"0":{"start":{"line":3,"column":48},"end":{"line":5,"column":2}},"1":{"start":{"line":7,"column":55},"end":{"line":9,"column":2}},"2":{"start":{"line":11,"column":48},"end":{"line":13,"column":2}}},"fnMap":{},"branchMap":{},"s":{"0":0,"1":0,"2":0},"f":{},"b":{},"all":true},"/Users/mercytum/Desktop/social-app/src/components/icons/EnveopeOpen.tsx":{"path":"/Users/mercytum/Desktop/social-app/src/components/icons/EnveopeOpen.tsx","statementMap":{"0":{"start":{"line":3,"column":53},"end":{"line":5,"column":2}}},"fnMap":{},"branchMap":{},"s":{"0":0},"f":{},"b":{},"all":true},"/Users/mercytum/Desktop/social-app/src/components/icons/Explosion.tsx":{"path":"/Users/mercytum/Desktop/social-app/src/components/icons/Explosion.tsx","statementMap":{"0":{"start":{"line":3,"column":49},"end":{"line":5,"column":2}}},"fnMap":{},"branchMap":{},"s":{"0":0},"f":{},"b":{},"all":true},"/Users/mercytum/Desktop/social-app/src/components/icons/Eye.tsx":{"path":"/Users/mercytum/Desktop/social-app/src/components/icons/Eye.tsx","statementMap":{"0":{"start":{"line":3,"column":43},"end":{"line":5,"column":2}},"1":{"start":{"line":7,"column":43},"end":{"line":9,"column":2}}},"fnMap":{},"branchMap":{},"s":{"0":0,"1":0},"f":{},"b":{},"all":true},"/Users/mercytum/Desktop/social-app/src/components/icons/EyeSlash.tsx":{"path":"/Users/mercytum/Desktop/social-app/src/components/icons/EyeSlash.tsx","statementMap":{"0":{"start":{"line":3,"column":48},"end":{"line":5,"column":2}}},"fnMap":{},"branchMap":{},"s":{"0":0},"f":{},"b":{},"all":true},"/Users/mercytum/Desktop/social-app/src/components/icons/Filter.tsx":{"path":"/Users/mercytum/Desktop/social-app/src/components/icons/Filter.tsx","statementMap":{"0":{"start":{"line":3,"column":46},"end":{"line":5,"column":2}}},"fnMap":{},"branchMap":{},"s":{"0":0},"f":{},"b":{},"all":true},"/Users/mercytum/Desktop/social-app/src/components/icons/FilterTimeline.tsx":{"path":"/Users/mercytum/Desktop/social-app/src/components/icons/FilterTimeline.tsx","statementMap":{"0":{"start":{"line":3,"column":54},"end":{"line":5,"column":2}}},"fnMap":{},"branchMap":{},"s":{"0":0},"f":{},"b":{},"all":true},"/Users/mercytum/Desktop/social-app/src/components/icons/Flag.tsx":{"path":"/Users/mercytum/Desktop/social-app/src/components/icons/Flag.tsx","statementMap":{"0":{"start":{"line":3,"column":44},"end":{"line":5,"column":2}}},"fnMap":{},"branchMap":{},"s":{"0":0},"f":{},"b":{},"all":true},"/Users/mercytum/Desktop/social-app/src/components/icons/Flame.tsx":{"path":"/Users/mercytum/Desktop/social-app/src/components/icons/Flame.tsx","statementMap":{"0":{"start":{"line":3,"column":45},"end":{"line":5,"column":2}}},"fnMap":{},"branchMap":{},"s":{"0":0},"f":{},"b":{},"all":true},"/Users/mercytum/Desktop/social-app/src/components/icons/FlipImage.tsx":{"path":"/Users/mercytum/Desktop/social-app/src/components/icons/FlipImage.tsx","statementMap":{"0":{"start":{"line":3,"column":52},"end":{"line":5,"column":2}},"1":{"start":{"line":7,"column":54},"end":{"line":9,"column":2}}},"fnMap":{},"branchMap":{},"s":{"0":0,"1":0},"f":{},"b":{},"all":true},"/Users/mercytum/Desktop/social-app/src/components/icons/FloppyDisk.tsx":{"path":"/Users/mercytum/Desktop/social-app/src/components/icons/FloppyDisk.tsx","statementMap":{"0":{"start":{"line":3,"column":50},"end":{"line":5,"column":2}}},"fnMap":{},"branchMap":{},"s":{"0":0},"f":{},"b":{},"all":true},"/Users/mercytum/Desktop/social-app/src/components/icons/Freeze.tsx":{"path":"/Users/mercytum/Desktop/social-app/src/components/icons/Freeze.tsx","statementMap":{"0":{"start":{"line":3,"column":46},"end":{"line":5,"column":2}}},"fnMap":{},"branchMap":{},"s":{"0":0},"f":{},"b":{},"all":true},"/Users/mercytum/Desktop/social-app/src/components/icons/GameController.tsx":{"path":"/Users/mercytum/Desktop/social-app/src/components/icons/GameController.tsx","statementMap":{"0":{"start":{"line":3,"column":54},"end":{"line":5,"column":2}}},"fnMap":{},"branchMap":{},"s":{"0":0},"f":{},"b":{},"all":true},"/Users/mercytum/Desktop/social-app/src/components/icons/Gif.tsx":{"path":"/Users/mercytum/Desktop/social-app/src/components/icons/Gif.tsx","statementMap":{"0":{"start":{"line":3,"column":43},"end":{"line":5,"column":2}},"1":{"start":{"line":7,"column":49},"end":{"line":9,"column":2}}},"fnMap":{},"branchMap":{},"s":{"0":0,"1":0},"f":{},"b":{},"all":true},"/Users/mercytum/Desktop/social-app/src/components/icons/Gift1.tsx":{"path":"/Users/mercytum/Desktop/social-app/src/components/icons/Gift1.tsx","statementMap":{"0":{"start":{"line":3,"column":45},"end":{"line":5,"column":2}},"1":{"start":{"line":7,"column":44},"end":{"line":9,"column":2}}},"fnMap":{},"branchMap":{},"s":{"0":0,"1":0},"f":{},"b":{},"all":true},"/Users/mercytum/Desktop/social-app/src/components/icons/Globe.tsx":{"path":"/Users/mercytum/Desktop/social-app/src/components/icons/Globe.tsx","statementMap":{"0":{"start":{"line":3,"column":45},"end":{"line":5,"column":2}},"1":{"start":{"line":7,"column":45},"end":{"line":9,"column":2}},"2":{"start":{"line":11,"column":45},"end":{"line":13,"column":2}}},"fnMap":{},"branchMap":{},"s":{"0":0,"1":0,"2":0},"f":{},"b":{},"all":true},"/Users/mercytum/Desktop/social-app/src/components/icons/Group.tsx":{"path":"/Users/mercytum/Desktop/social-app/src/components/icons/Group.tsx","statementMap":{"0":{"start":{"line":3,"column":46},"end":{"line":5,"column":2}}},"fnMap":{},"branchMap":{},"s":{"0":0},"f":{},"b":{},"all":true},"/Users/mercytum/Desktop/social-app/src/components/icons/Growth.tsx":{"path":"/Users/mercytum/Desktop/social-app/src/components/icons/Growth.tsx","statementMap":{"0":{"start":{"line":3,"column":46},"end":{"line":5,"column":2}}},"fnMap":{},"branchMap":{},"s":{"0":0},"f":{},"b":{},"all":true},"/Users/mercytum/Desktop/social-app/src/components/icons/Haptic.tsx":{"path":"/Users/mercytum/Desktop/social-app/src/components/icons/Haptic.tsx","statementMap":{"0":{"start":{"line":3,"column":46},"end":{"line":5,"column":2}}},"fnMap":{},"branchMap":{},"s":{"0":0},"f":{},"b":{},"all":true},"/Users/mercytum/Desktop/social-app/src/components/icons/Hashtag.tsx":{"path":"/Users/mercytum/Desktop/social-app/src/components/icons/Hashtag.tsx","statementMap":{"0":{"start":{"line":3,"column":47},"end":{"line":5,"column":2}},"1":{"start":{"line":7,"column":46},"end":{"line":9,"column":2}}},"fnMap":{},"branchMap":{},"s":{"0":0,"1":0},"f":{},"b":{},"all":true},"/Users/mercytum/Desktop/social-app/src/components/icons/Heart2.tsx":{"path":"/Users/mercytum/Desktop/social-app/src/components/icons/Heart2.tsx","statementMap":{"0":{"start":{"line":3,"column":46},"end":{"line":5,"column":2}},"1":{"start":{"line":7,"column":53},"end":{"line":9,"column":2}}},"fnMap":{},"branchMap":{},"s":{"0":0,"1":0},"f":{},"b":{},"all":true},"/Users/mercytum/Desktop/social-app/src/components/icons/Home.tsx":{"path":"/Users/mercytum/Desktop/social-app/src/components/icons/Home.tsx","statementMap":{"0":{"start":{"line":3,"column":44},"end":{"line":5,"column":2}},"1":{"start":{"line":7,"column":44},"end":{"line":9,"column":2}},"2":{"start":{"line":11,"column":43},"end":{"line":13,"column":2}}},"fnMap":{},"branchMap":{},"s":{"0":0,"1":0,"2":0},"f":{},"b":{},"all":true},"/Users/mercytum/Desktop/social-app/src/components/icons/HomeOpen.tsx":{"path":"/Users/mercytum/Desktop/social-app/src/components/icons/HomeOpen.tsx","statementMap":{"0":{"start":{"line":3,"column":47},"end":{"line":5,"column":2}},"1":{"start":{"line":7,"column":47},"end":{"line":9,"column":2}}},"fnMap":{},"branchMap":{},"s":{"0":0,"1":0},"f":{},"b":{},"all":true},"/Users/mercytum/Desktop/social-app/src/components/icons/Image.tsx":{"path":"/Users/mercytum/Desktop/social-app/src/components/icons/Image.tsx","statementMap":{"0":{"start":{"line":3,"column":45},"end":{"line":5,"column":2}}},"fnMap":{},"branchMap":{},"s":{"0":0},"f":{},"b":{},"all":true},"/Users/mercytum/Desktop/social-app/src/components/icons/Key.tsx":{"path":"/Users/mercytum/Desktop/social-app/src/components/icons/Key.tsx","statementMap":{"0":{"start":{"line":3,"column":43},"end":{"line":5,"column":2}}},"fnMap":{},"branchMap":{},"s":{"0":0},"f":{},"b":{},"all":true},"/Users/mercytum/Desktop/social-app/src/components/icons/Lab.tsx":{"path":"/Users/mercytum/Desktop/social-app/src/components/icons/Lab.tsx","statementMap":{"0":{"start":{"line":3,"column":43},"end":{"line":5,"column":2}}},"fnMap":{},"branchMap":{},"s":{"0":0},"f":{},"b":{},"all":true},"/Users/mercytum/Desktop/social-app/src/components/icons/Leaf.tsx":{"path":"/Users/mercytum/Desktop/social-app/src/components/icons/Leaf.tsx","statementMap":{"0":{"start":{"line":3,"column":44},"end":{"line":5,"column":2}}},"fnMap":{},"branchMap":{},"s":{"0":0},"f":{},"b":{},"all":true},"/Users/mercytum/Desktop/social-app/src/components/icons/ListMagnifyingGlass.tsx":{"path":"/Users/mercytum/Desktop/social-app/src/components/icons/ListMagnifyingGlass.tsx","statementMap":{"0":{"start":{"line":3,"column":59},"end":{"line":5,"column":2}}},"fnMap":{},"branchMap":{},"s":{"0":0},"f":{},"b":{},"all":true},"/Users/mercytum/Desktop/social-app/src/components/icons/ListPlus.tsx":{"path":"/Users/mercytum/Desktop/social-app/src/components/icons/ListPlus.tsx","statementMap":{"0":{"start":{"line":7,"column":48},"end":{"line":9,"column":2}}},"fnMap":{},"branchMap":{},"s":{"0":0},"f":{},"b":{},"all":true},"/Users/mercytum/Desktop/social-app/src/components/icons/ListSparkle.tsx":{"path":"/Users/mercytum/Desktop/social-app/src/components/icons/ListSparkle.tsx","statementMap":{"0":{"start":{"line":3,"column":51},"end":{"line":5,"column":2}}},"fnMap":{},"branchMap":{},"s":{"0":0},"f":{},"b":{},"all":true},"/Users/mercytum/Desktop/social-app/src/components/icons/Loader.tsx":{"path":"/Users/mercytum/Desktop/social-app/src/components/icons/Loader.tsx","statementMap":{"0":{"start":{"line":3,"column":46},"end":{"line":5,"column":2}}},"fnMap":{},"branchMap":{},"s":{"0":0},"f":{},"b":{},"all":true},"/Users/mercytum/Desktop/social-app/src/components/icons/Lock.tsx":{"path":"/Users/mercytum/Desktop/social-app/src/components/icons/Lock.tsx","statementMap":{"0":{"start":{"line":3,"column":44},"end":{"line":5,"column":2}},"1":{"start":{"line":7,"column":44},"end":{"line":9,"column":2}}},"fnMap":{},"branchMap":{},"s":{"0":0,"1":0},"f":{},"b":{},"all":true},"/Users/mercytum/Desktop/social-app/src/components/icons/Logo.tsx":{"path":"/Users/mercytum/Desktop/social-app/src/components/icons/Logo.tsx","statementMap":{"0":{"start":{"line":3,"column":20},"end":{"line":5,"column":2}}},"fnMap":{},"branchMap":{},"s":{"0":0},"f":{},"b":{},"all":true},"/Users/mercytum/Desktop/social-app/src/components/icons/Macintosh.tsx":{"path":"/Users/mercytum/Desktop/social-app/src/components/icons/Macintosh.tsx","statementMap":{"0":{"start":{"line":3,"column":49},"end":{"line":5,"column":2}}},"fnMap":{},"branchMap":{},"s":{"0":0},"f":{},"b":{},"all":true},"/Users/mercytum/Desktop/social-app/src/components/icons/MagnifyingGlass.tsx":{"path":"/Users/mercytum/Desktop/social-app/src/components/icons/MagnifyingGlass.tsx","statementMap":{"0":{"start":{"line":4,"column":2},"end":{"line":6,"column":4}}},"fnMap":{},"branchMap":{},"s":{"0":0},"f":{},"b":{},"all":true},"/Users/mercytum/Desktop/social-app/src/components/icons/MagnifyingGlass2.tsx":{"path":"/Users/mercytum/Desktop/social-app/src/components/icons/MagnifyingGlass2.tsx","statementMap":{"0":{"start":{"line":3,"column":56},"end":{"line":5,"column":2}}},"fnMap":{},"branchMap":{},"s":{"0":0},"f":{},"b":{},"all":true},"/Users/mercytum/Desktop/social-app/src/components/icons/Menu.tsx":{"path":"/Users/mercytum/Desktop/social-app/src/components/icons/Menu.tsx","statementMap":{"0":{"start":{"line":3,"column":44},"end":{"line":5,"column":2}}},"fnMap":{},"branchMap":{},"s":{"0":0},"f":{},"b":{},"all":true},"/Users/mercytum/Desktop/social-app/src/components/icons/Message.tsx":{"path":"/Users/mercytum/Desktop/social-app/src/components/icons/Message.tsx","statementMap":{"0":{"start":{"line":3,"column":54},"end":{"line":5,"column":2}},"1":{"start":{"line":7,"column":47},"end":{"line":9,"column":2}}},"fnMap":{},"branchMap":{},"s":{"0":0,"1":0},"f":{},"b":{},"all":true},"/Users/mercytum/Desktop/social-app/src/components/icons/Moon.tsx":{"path":"/Users/mercytum/Desktop/social-app/src/components/icons/Moon.tsx","statementMap":{"0":{"start":{"line":3,"column":44},"end":{"line":5,"column":2}}},"fnMap":{},"branchMap":{},"s":{"0":0},"f":{},"b":{},"all":true},"/Users/mercytum/Desktop/social-app/src/components/icons/MusicNote.tsx":{"path":"/Users/mercytum/Desktop/social-app/src/components/icons/MusicNote.tsx","statementMap":{"0":{"start":{"line":3,"column":49},"end":{"line":5,"column":2}}},"fnMap":{},"branchMap":{},"s":{"0":0},"f":{},"b":{},"all":true},"/Users/mercytum/Desktop/social-app/src/components/icons/Mute.tsx":{"path":"/Users/mercytum/Desktop/social-app/src/components/icons/Mute.tsx","statementMap":{"0":{"start":{"line":3,"column":44},"end":{"line":5,"column":2}}},"fnMap":{},"branchMap":{},"s":{"0":0},"f":{},"b":{},"all":true},"/Users/mercytum/Desktop/social-app/src/components/icons/News2.tsx":{"path":"/Users/mercytum/Desktop/social-app/src/components/icons/News2.tsx","statementMap":{"0":{"start":{"line":3,"column":45},"end":{"line":5,"column":2}}},"fnMap":{},"branchMap":{},"s":{"0":0},"f":{},"b":{},"all":true},"/Users/mercytum/Desktop/social-app/src/components/icons/Newskie.tsx":{"path":"/Users/mercytum/Desktop/social-app/src/components/icons/Newskie.tsx","statementMap":{"0":{"start":{"line":3,"column":23},"end":{"line":5,"column":2}}},"fnMap":{},"branchMap":{},"s":{"0":0},"f":{},"b":{},"all":true},"/Users/mercytum/Desktop/social-app/src/components/icons/Newspaper.tsx":{"path":"/Users/mercytum/Desktop/social-app/src/components/icons/Newspaper.tsx","statementMap":{"0":{"start":{"line":3,"column":49},"end":{"line":5,"column":2}}},"fnMap":{},"branchMap":{},"s":{"0":0},"f":{},"b":{},"all":true},"/Users/mercytum/Desktop/social-app/src/components/icons/PageText.tsx":{"path":"/Users/mercytum/Desktop/social-app/src/components/icons/PageText.tsx","statementMap":{"0":{"start":{"line":3,"column":48},"end":{"line":5,"column":2}}},"fnMap":{},"branchMap":{},"s":{"0":0},"f":{},"b":{},"all":true},"/Users/mercytum/Desktop/social-app/src/components/icons/PaintRoller.tsx":{"path":"/Users/mercytum/Desktop/social-app/src/components/icons/PaintRoller.tsx","statementMap":{"0":{"start":{"line":3,"column":51},"end":{"line":5,"column":2}}},"fnMap":{},"branchMap":{},"s":{"0":0},"f":{},"b":{},"all":true},"/Users/mercytum/Desktop/social-app/src/components/icons/PaperPlane.tsx":{"path":"/Users/mercytum/Desktop/social-app/src/components/icons/PaperPlane.tsx","statementMap":{"0":{"start":{"line":3,"column":50},"end":{"line":5,"column":2}}},"fnMap":{},"branchMap":{},"s":{"0":0},"f":{},"b":{},"all":true},"/Users/mercytum/Desktop/social-app/src/components/icons/Pause.tsx":{"path":"/Users/mercytum/Desktop/social-app/src/components/icons/Pause.tsx","statementMap":{"0":{"start":{"line":3,"column":45},"end":{"line":5,"column":2}},"1":{"start":{"line":7,"column":44},"end":{"line":9,"column":2}},"2":{"start":{"line":11,"column":45},"end":{"line":13,"column":2}},"3":{"start":{"line":15,"column":44},"end":{"line":17,"column":2}}},"fnMap":{},"branchMap":{},"s":{"0":0,"1":0,"2":0,"3":0},"f":{},"b":{},"all":true},"/Users/mercytum/Desktop/social-app/src/components/icons/Pencil.tsx":{"path":"/Users/mercytum/Desktop/social-app/src/components/icons/Pencil.tsx","statementMap":{"0":{"start":{"line":3,"column":46},"end":{"line":5,"column":2}},"1":{"start":{"line":7,"column":50},"end":{"line":9,"column":2}},"2":{"start":{"line":11,"column":50},"end":{"line":13,"column":2}}},"fnMap":{},"branchMap":{},"s":{"0":0,"1":0,"2":0},"f":{},"b":{},"all":true},"/Users/mercytum/Desktop/social-app/src/components/icons/PeopleRemove2.tsx":{"path":"/Users/mercytum/Desktop/social-app/src/components/icons/PeopleRemove2.tsx","statementMap":{"0":{"start":{"line":3,"column":53},"end":{"line":5,"column":2}}},"fnMap":{},"branchMap":{},"s":{"0":0},"f":{},"b":{},"all":true},"/Users/mercytum/Desktop/social-app/src/components/icons/Person.tsx":{"path":"/Users/mercytum/Desktop/social-app/src/components/icons/Person.tsx","statementMap":{"0":{"start":{"line":3,"column":46},"end":{"line":5,"column":2}},"1":{"start":{"line":7,"column":46},"end":{"line":9,"column":2}},"2":{"start":{"line":11,"column":51},"end":{"line":13,"column":2}},"3":{"start":{"line":15,"column":47},"end":{"line":17,"column":2}},"4":{"start":{"line":19,"column":50},"end":{"line":21,"column":2}},"5":{"start":{"line":23,"column":57},"end":{"line":25,"column":2}},"6":{"start":{"line":27,"column":50},"end":{"line":29,"column":2}},"7":{"start":{"line":31,"column":51},"end":{"line":33,"column":2}}},"fnMap":{},"branchMap":{},"s":{"0":0,"1":0,"2":0,"3":0,"4":0,"5":0,"6":0,"7":0},"f":{},"b":{},"all":true},"/Users/mercytum/Desktop/social-app/src/components/icons/Phone.tsx":{"path":"/Users/mercytum/Desktop/social-app/src/components/icons/Phone.tsx","statementMap":{"0":{"start":{"line":3,"column":45},"end":{"line":5,"column":2}}},"fnMap":{},"branchMap":{},"s":{"0":0},"f":{},"b":{},"all":true},"/Users/mercytum/Desktop/social-app/src/components/icons/Pin.tsx":{"path":"/Users/mercytum/Desktop/social-app/src/components/icons/Pin.tsx","statementMap":{"0":{"start":{"line":3,"column":43},"end":{"line":5,"column":2}},"1":{"start":{"line":7,"column":42},"end":{"line":9,"column":2}}},"fnMap":{},"branchMap":{},"s":{"0":0,"1":0},"f":{},"b":{},"all":true},"/Users/mercytum/Desktop/social-app/src/components/icons/Pizza.tsx":{"path":"/Users/mercytum/Desktop/social-app/src/components/icons/Pizza.tsx","statementMap":{"0":{"start":{"line":3,"column":45},"end":{"line":5,"column":2}}},"fnMap":{},"branchMap":{},"s":{"0":0},"f":{},"b":{},"all":true},"/Users/mercytum/Desktop/social-app/src/components/icons/Play.tsx":{"path":"/Users/mercytum/Desktop/social-app/src/components/icons/Play.tsx","statementMap":{"0":{"start":{"line":3,"column":44},"end":{"line":5,"column":2}},"1":{"start":{"line":7,"column":43},"end":{"line":9,"column":2}},"2":{"start":{"line":11,"column":44},"end":{"line":13,"column":2}},"3":{"start":{"line":15,"column":43},"end":{"line":17,"column":2}}},"fnMap":{},"branchMap":{},"s":{"0":0,"1":0,"2":0,"3":0},"f":{},"b":{},"all":true},"/Users/mercytum/Desktop/social-app/src/components/icons/Plus.tsx":{"path":"/Users/mercytum/Desktop/social-app/src/components/icons/Plus.tsx","statementMap":{"0":{"start":{"line":3,"column":49},"end":{"line":5,"column":2}},"1":{"start":{"line":7,"column":49},"end":{"line":9,"column":2}}},"fnMap":{},"branchMap":{},"s":{"0":0,"1":0},"f":{},"b":{},"all":true},"/Users/mercytum/Desktop/social-app/src/components/icons/QrCode.tsx":{"path":"/Users/mercytum/Desktop/social-app/src/components/icons/QrCode.tsx","statementMap":{"0":{"start":{"line":3,"column":46},"end":{"line":5,"column":2}}},"fnMap":{},"branchMap":{},"s":{"0":0},"f":{},"b":{},"all":true},"/Users/mercytum/Desktop/social-app/src/components/icons/Quote.tsx":{"path":"/Users/mercytum/Desktop/social-app/src/components/icons/Quote.tsx","statementMap":{"0":{"start":{"line":3,"column":49},"end":{"line":5,"column":2}},"1":{"start":{"line":7,"column":56},"end":{"line":9,"column":2}},"2":{"start":{"line":11,"column":50},"end":{"line":13,"column":2}},"3":{"start":{"line":15,"column":50},"end":{"line":17,"column":2}},"4":{"start":{"line":19,"column":57},"end":{"line":21,"column":2}}},"fnMap":{},"branchMap":{},"s":{"0":0,"1":0,"2":0,"3":0,"4":0},"f":{},"b":{},"all":true},"/Users/mercytum/Desktop/social-app/src/components/icons/RaisingHand.tsx":{"path":"/Users/mercytum/Desktop/social-app/src/components/icons/RaisingHand.tsx","statementMap":{"0":{"start":{"line":3,"column":58},"end":{"line":5,"column":2}},"1":{"start":{"line":7,"column":58},"end":{"line":9,"column":2}}},"fnMap":{},"branchMap":{},"s":{"0":0,"1":0},"f":{},"b":{},"all":true},"/Users/mercytum/Desktop/social-app/src/components/icons/Repost.tsx":{"path":"/Users/mercytum/Desktop/social-app/src/components/icons/Repost.tsx","statementMap":{"0":{"start":{"line":3,"column":46},"end":{"line":5,"column":2}},"1":{"start":{"line":7,"column":46},"end":{"line":9,"column":2}},"2":{"start":{"line":11,"column":46},"end":{"line":13,"column":2}}},"fnMap":{},"branchMap":{},"s":{"0":0,"1":0,"2":0},"f":{},"b":{},"all":true},"/Users/mercytum/Desktop/social-app/src/components/icons/Rose.tsx":{"path":"/Users/mercytum/Desktop/social-app/src/components/icons/Rose.tsx","statementMap":{"0":{"start":{"line":3,"column":44},"end":{"line":5,"column":2}}},"fnMap":{},"branchMap":{},"s":{"0":0},"f":{},"b":{},"all":true},"/Users/mercytum/Desktop/social-app/src/components/icons/SettingsGear2.tsx":{"path":"/Users/mercytum/Desktop/social-app/src/components/icons/SettingsGear2.tsx","statementMap":{"0":{"start":{"line":3,"column":53},"end":{"line":5,"column":2}},"1":{"start":{"line":7,"column":52},"end":{"line":9,"column":2}}},"fnMap":{},"branchMap":{},"s":{"0":0,"1":0},"f":{},"b":{},"all":true},"/Users/mercytum/Desktop/social-app/src/components/icons/SettingsSlider.tsx":{"path":"/Users/mercytum/Desktop/social-app/src/components/icons/SettingsSlider.tsx","statementMap":{"0":{"start":{"line":4,"column":2},"end":{"line":6,"column":4}}},"fnMap":{},"branchMap":{},"s":{"0":0},"f":{},"b":{},"all":true},"/Users/mercytum/Desktop/social-app/src/components/icons/Shaka.tsx":{"path":"/Users/mercytum/Desktop/social-app/src/components/icons/Shaka.tsx","statementMap":{"0":{"start":{"line":3,"column":45},"end":{"line":5,"column":2}}},"fnMap":{},"branchMap":{},"s":{"0":0},"f":{},"b":{},"all":true},"/Users/mercytum/Desktop/social-app/src/components/icons/Shapes.tsx":{"path":"/Users/mercytum/Desktop/social-app/src/components/icons/Shapes.tsx","statementMap":{"0":{"start":{"line":3,"column":46},"end":{"line":5,"column":2}}},"fnMap":{},"branchMap":{},"s":{"0":0},"f":{},"b":{},"all":true},"/Users/mercytum/Desktop/social-app/src/components/icons/Shield.tsx":{"path":"/Users/mercytum/Desktop/social-app/src/components/icons/Shield.tsx","statementMap":{"0":{"start":{"line":3,"column":46},"end":{"line":5,"column":2}}},"fnMap":{},"branchMap":{},"s":{"0":0},"f":{},"b":{},"all":true},"/Users/mercytum/Desktop/social-app/src/components/icons/Speaker.tsx":{"path":"/Users/mercytum/Desktop/social-app/src/components/icons/Speaker.tsx","statementMap":{"0":{"start":{"line":3,"column":57},"end":{"line":5,"column":2}}},"fnMap":{},"branchMap":{},"s":{"0":0},"f":{},"b":{},"all":true},"/Users/mercytum/Desktop/social-app/src/components/icons/SquareArrowTopRight.tsx":{"path":"/Users/mercytum/Desktop/social-app/src/components/icons/SquareArrowTopRight.tsx","statementMap":{"0":{"start":{"line":3,"column":59},"end":{"line":5,"column":2}}},"fnMap":{},"branchMap":{},"s":{"0":0},"f":{},"b":{},"all":true},"/Users/mercytum/Desktop/social-app/src/components/icons/SquareBehindSquare4.tsx":{"path":"/Users/mercytum/Desktop/social-app/src/components/icons/SquareBehindSquare4.tsx","statementMap":{"0":{"start":{"line":3,"column":59},"end":{"line":5,"column":2}}},"fnMap":{},"branchMap":{},"s":{"0":0},"f":{},"b":{},"all":true},"/Users/mercytum/Desktop/social-app/src/components/icons/Star.tsx":{"path":"/Users/mercytum/Desktop/social-app/src/components/icons/Star.tsx","statementMap":{"0":{"start":{"line":3,"column":44},"end":{"line":5,"column":2}},"1":{"start":{"line":7,"column":43},"end":{"line":9,"column":2}}},"fnMap":{},"branchMap":{},"s":{"0":0,"1":0},"f":{},"b":{},"all":true},"/Users/mercytum/Desktop/social-app/src/components/icons/StarterPack.tsx":{"path":"/Users/mercytum/Desktop/social-app/src/components/icons/StarterPack.tsx","statementMap":{"0":{"start":{"line":3,"column":27},"end":{"line":8,"column":2}}},"fnMap":{},"branchMap":{},"s":{"0":0},"f":{},"b":{},"all":true},"/Users/mercytum/Desktop/social-app/src/components/icons/StreamingLive.tsx":{"path":"/Users/mercytum/Desktop/social-app/src/components/icons/StreamingLive.tsx","statementMap":{"0":{"start":{"line":3,"column":53},"end":{"line":5,"column":2}}},"fnMap":{},"branchMap":{},"s":{"0":0},"f":{},"b":{},"all":true},"/Users/mercytum/Desktop/social-app/src/components/icons/TextSize.tsx":{"path":"/Users/mercytum/Desktop/social-app/src/components/icons/TextSize.tsx","statementMap":{"0":{"start":{"line":3,"column":48},"end":{"line":5,"column":2}}},"fnMap":{},"branchMap":{},"s":{"0":0},"f":{},"b":{},"all":true},"/Users/mercytum/Desktop/social-app/src/components/icons/Ticket.tsx":{"path":"/Users/mercytum/Desktop/social-app/src/components/icons/Ticket.tsx","statementMap":{"0":{"start":{"line":3,"column":46},"end":{"line":5,"column":2}}},"fnMap":{},"branchMap":{},"s":{"0":0},"f":{},"b":{},"all":true},"/Users/mercytum/Desktop/social-app/src/components/icons/Times.tsx":{"path":"/Users/mercytum/Desktop/social-app/src/components/icons/Times.tsx","statementMap":{"0":{"start":{"line":3,"column":50},"end":{"line":5,"column":2}}},"fnMap":{},"branchMap":{},"s":{"0":0},"f":{},"b":{},"all":true},"/Users/mercytum/Desktop/social-app/src/components/icons/TitleCase.tsx":{"path":"/Users/mercytum/Desktop/social-app/src/components/icons/TitleCase.tsx","statementMap":{"0":{"start":{"line":3,"column":49},"end":{"line":5,"column":2}}},"fnMap":{},"branchMap":{},"s":{"0":0},"f":{},"b":{},"all":true},"/Users/mercytum/Desktop/social-app/src/components/icons/Trash.tsx":{"path":"/Users/mercytum/Desktop/social-app/src/components/icons/Trash.tsx","statementMap":{"0":{"start":{"line":3,"column":45},"end":{"line":5,"column":2}},"1":{"start":{"line":7,"column":45},"end":{"line":9,"column":2}}},"fnMap":{},"branchMap":{},"s":{"0":0,"1":0},"f":{},"b":{},"all":true},"/Users/mercytum/Desktop/social-app/src/components/icons/Trending.tsx":{"path":"/Users/mercytum/Desktop/social-app/src/components/icons/Trending.tsx","statementMap":{"0":{"start":{"line":3,"column":49},"end":{"line":5,"column":2}},"1":{"start":{"line":7,"column":49},"end":{"line":9,"column":2}}},"fnMap":{},"branchMap":{},"s":{"0":0,"1":0},"f":{},"b":{},"all":true},"/Users/mercytum/Desktop/social-app/src/components/icons/UFO.tsx":{"path":"/Users/mercytum/Desktop/social-app/src/components/icons/UFO.tsx","statementMap":{"0":{"start":{"line":3,"column":43},"end":{"line":5,"column":2}}},"fnMap":{},"branchMap":{},"s":{"0":0},"f":{},"b":{},"all":true},"/Users/mercytum/Desktop/social-app/src/components/icons/UserCircle.tsx":{"path":"/Users/mercytum/Desktop/social-app/src/components/icons/UserCircle.tsx","statementMap":{"0":{"start":{"line":3,"column":50},"end":{"line":5,"column":2}},"1":{"start":{"line":7,"column":49},"end":{"line":9,"column":2}}},"fnMap":{},"branchMap":{},"s":{"0":0,"1":0},"f":{},"b":{},"all":true},"/Users/mercytum/Desktop/social-app/src/components/icons/Verified.tsx":{"path":"/Users/mercytum/Desktop/social-app/src/components/icons/Verified.tsx","statementMap":{"0":{"start":{"line":3,"column":48},"end":{"line":5,"column":2}}},"fnMap":{},"branchMap":{},"s":{"0":0},"f":{},"b":{},"all":true},"/Users/mercytum/Desktop/social-app/src/components/icons/VideoClip.tsx":{"path":"/Users/mercytum/Desktop/social-app/src/components/icons/VideoClip.tsx","statementMap":{"0":{"start":{"line":3,"column":49},"end":{"line":5,"column":2}}},"fnMap":{},"branchMap":{},"s":{"0":0},"f":{},"b":{},"all":true},"/Users/mercytum/Desktop/social-app/src/components/icons/Warning.tsx":{"path":"/Users/mercytum/Desktop/social-app/src/components/icons/Warning.tsx","statementMap":{"0":{"start":{"line":3,"column":47},"end":{"line":5,"column":2}}},"fnMap":{},"branchMap":{},"s":{"0":0},"f":{},"b":{},"all":true},"/Users/mercytum/Desktop/social-app/src/components/icons/Window.tsx":{"path":"/Users/mercytum/Desktop/social-app/src/components/icons/Window.tsx","statementMap":{"0":{"start":{"line":3,"column":46},"end":{"line":5,"column":2}}},"fnMap":{},"branchMap":{},"s":{"0":0},"f":{},"b":{},"all":true},"/Users/mercytum/Desktop/social-app/src/components/icons/Wrench.tsx":{"path":"/Users/mercytum/Desktop/social-app/src/components/icons/Wrench.tsx","statementMap":{"0":{"start":{"line":3,"column":46},"end":{"line":5,"column":2}}},"fnMap":{},"branchMap":{},"s":{"0":0},"f":{},"b":{},"all":true},"/Users/mercytum/Desktop/social-app/src/components/icons/Zap.tsx":{"path":"/Users/mercytum/Desktop/social-app/src/components/icons/Zap.tsx","statementMap":{"0":{"start":{"line":3,"column":43},"end":{"line":5,"column":2}}},"fnMap":{},"branchMap":{},"s":{"0":0},"f":{},"b":{},"all":true},"/Users/mercytum/Desktop/social-app/src/components/Layout/context.ts":{"path":"/Users/mercytum/Desktop/social-app/src/components/Layout/context.ts","statementMap":{"0":{"start":{"line":3,"column":38},"end":{"line":5,"column":2}}},"fnMap":{},"branchMap":{},"s":{"0":0},"f":{},"b":{},"all":true},"/Users/mercytum/Desktop/social-app/src/components/moderation/ReportDialog/const.ts":{"path":"/Users/mercytum/Desktop/social-app/src/components/moderation/ReportDialog/const.ts","statementMap":{"0":{"start":{"line":1,"column":25},"end":{"line":1,"column":70}}},"fnMap":{},"branchMap":{},"s":{"0":0},"f":{},"b":{},"all":true},"/Users/mercytum/Desktop/social-app/src/components/ReportDialog/const.ts":{"path":"/Users/mercytum/Desktop/social-app/src/components/ReportDialog/const.ts","statementMap":{"0":{"start":{"line":1,"column":25},"end":{"line":1,"column":70}}},"fnMap":{},"branchMap":{},"s":{"0":0},"f":{},"b":{},"all":true},"/Users/mercytum/Desktop/social-app/src/lib/app-info.ts":{"path":"/Users/mercytum/Desktop/social-app/src/lib/app-info.ts","statementMap":{"0":{"start":{"line":3,"column":29},"end":{"line":3,"column":73}},"1":{"start":{"line":4,"column":27},"end":{"line":4,"column":51}},"2":{"start":{"line":8,"column":33},"end":{"line":8,"column":80}},"3":{"start":{"line":13,"column":2},"end":{"line":13,"column":76}},"4":{"start":{"line":15,"column":26},"end":{"line":15,"column":77}},"5":{"start":{"line":16,"column":26},"end":{"line":18,"column":3}}},"fnMap":{},"branchMap":{"0":{"loc":{"start":{"line":4,"column":27},"end":{"line":4,"column":51}},"type":"binary-expr","locations":[{"start":{"line":4,"column":27},"end":{"line":4,"column":34}},{"start":{"line":4,"column":38},"end":{"line":4,"column":51}}],"line":4},"1":{"loc":{"start":{"line":8,"column":33},"end":{"line":8,"column":80}},"type":"binary-expr","locations":[{"start":{"line":8,"column":33},"end":{"line":8,"column":74}},{"start":{"line":8,"column":78},"end":{"line":8,"column":80}}],"line":8},"2":{"loc":{"start":{"line":13,"column":2},"end":{"line":13,"column":76}},"type":"cond-expr","locations":[{"start":{"line":13,"column":29},"end":{"line":13,"column":30}},{"start":{"line":13,"column":33},"end":{"line":13,"column":76}}],"line":13},"3":{"loc":{"start":{"line":13,"column":2},"end":{"line":13,"column":26}},"type":"binary-expr","locations":[{"start":{"line":13,"column":2},"end":{"line":13,"column":15}},{"start":{"line":13,"column":19},"end":{"line":13,"column":26}}],"line":13},"4":{"loc":{"start":{"line":17,"column":2},"end":{"line":17,"column":49}},"type":"cond-expr","locations":[{"start":{"line":17,"column":12},"end":{"line":17,"column":17}},{"start":{"line":17,"column":20},"end":{"line":17,"column":49}}],"line":17},"5":{"loc":{"start":{"line":17,"column":20},"end":{"line":17,"column":49}},"type":"cond-expr","locations":[{"start":{"line":17,"column":36},"end":{"line":17,"column":40}},{"start":{"line":17,"column":43},"end":{"line":17,"column":49}}],"line":17}},"s":{"0":0,"1":0,"2":0,"3":0,"4":0,"5":0},"f":{},"b":{"0":[0,0],"1":[0,0],"2":[0,0],"3":[0,0],"4":[0,0],"5":[0,0]},"all":true},"/Users/mercytum/Desktop/social-app/src/lib/app-info.web.ts":{"path":"/Users/mercytum/Desktop/social-app/src/lib/app-info.web.ts","statementMap":{"0":{"start":{"line":3,"column":29},"end":{"line":3,"column":34}},"1":{"start":{"line":4,"column":27},"end":{"line":4,"column":34}},"2":{"start":{"line":9,"column":2},"end":{"line":9,"column":52}},"3":{"start":{"line":13,"column":27},"end":{"line":15,"column":47}},"4":{"start":{"line":17,"column":26},"end":{"line":17,"column":48}},"5":{"start":{"line":18,"column":26},"end":{"line":18,"column":78}}},"fnMap":{},"branchMap":{"0":{"loc":{"start":{"line":9,"column":2},"end":{"line":9,"column":52}},"type":"binary-expr","locations":[{"start":{"line":9,"column":2},"end":{"line":9,"column":43}},{"start":{"line":9,"column":47},"end":{"line":9,"column":52}}],"line":9},"1":{"loc":{"start":{"line":13,"column":27},"end":{"line":15,"column":47}},"type":"cond-expr","locations":[{"start":{"line":14,"column":4},"end":{"line":14,"column":5}},{"start":{"line":15,"column":4},"end":{"line":15,"column":47}}],"line":13},"2":{"loc":{"start":{"line":18,"column":51},"end":{"line":18,"column":75}},"type":"cond-expr","locations":[{"start":{"line":18,"column":61},"end":{"line":18,"column":66}},{"start":{"line":18,"column":69},"end":{"line":18,"column":75}}],"line":18}},"s":{"0":0,"1":0,"2":0,"3":0,"4":0,"5":0},"f":{},"b":{"0":[0,0],"1":[0,0],"2":[0,0]},"all":true},"/Users/mercytum/Desktop/social-app/src/lib/batchedUpdates.ts":{"path":"/Users/mercytum/Desktop/social-app/src/lib/batchedUpdates.ts","statementMap":{},"fnMap":{},"branchMap":{},"s":{},"f":{},"b":{},"all":true},"/Users/mercytum/Desktop/social-app/src/lib/batchedUpdates.web.ts":{"path":"/Users/mercytum/Desktop/social-app/src/lib/batchedUpdates.web.ts","statementMap":{},"fnMap":{},"branchMap":{},"s":{},"f":{},"b":{},"all":true},"/Users/mercytum/Desktop/social-app/src/lib/broadcast/index.ts":{"path":"/Users/mercytum/Desktop/social-app/src/lib/broadcast/index.ts","statementMap":{},"fnMap":{},"branchMap":{},"s":{},"f":{},"b":{},"all":true},"/Users/mercytum/Desktop/social-app/src/lib/broadcast/index.web.ts":{"path":"/Users/mercytum/Desktop/social-app/src/lib/broadcast/index.web.ts","statementMap":{},"fnMap":{},"branchMap":{"0":{"loc":{"start":{"line":2,"column":15},"end":{"line":2,"column":76}},"type":"cond-expr","locations":[{"start":{"line":2,"column":46},"end":{"line":2,"column":69}},{"start":{"line":2,"column":72},"end":{"line":2,"column":76}}],"line":2}},"s":{},"f":{},"b":{"0":[0,0]},"all":true},"/Users/mercytum/Desktop/social-app/src/lib/browser.native.ts":{"path":"/Users/mercytum/Desktop/social-app/src/lib/browser.native.ts","statementMap":{"0":{"start":{"line":1,"column":24},"end":{"line":1,"column":29}},"1":{"start":{"line":2,"column":25},"end":{"line":2,"column":30}},"2":{"start":{"line":3,"column":29},"end":{"line":3,"column":33}},"3":{"start":{"line":4,"column":28},"end":{"line":4,"column":33}}},"fnMap":{},"branchMap":{},"s":{"0":0,"1":0,"2":0,"3":0},"f":{},"b":{},"all":true},"/Users/mercytum/Desktop/social-app/src/lib/browser.ts":{"path":"/Users/mercytum/Desktop/social-app/src/lib/browser.ts","statementMap":{"0":{"start":{"line":2,"column":24},"end":{"line":4,"column":1}},"1":{"start":{"line":5,"column":25},"end":{"line":5,"column":67}},"2":{"start":{"line":6,"column":29},"end":{"line":6,"column":75}},"3":{"start":{"line":8,"column":2},"end":{"line":8,"column":55}}},"fnMap":{},"branchMap":{"0":{"loc":{"start":{"line":8,"column":2},"end":{"line":8,"column":55}},"type":"binary-expr","locations":[{"start":{"line":8,"column":2},"end":{"line":8,"column":38}},{"start":{"line":8,"column":42},"end":{"line":8,"column":55}}],"line":8}},"s":{"0":0,"1":0,"2":0,"3":0},"f":{},"b":{"0":[0,0]},"all":true},"/Users/mercytum/Desktop/social-app/src/lib/build-flags.ts":{"path":"/Users/mercytum/Desktop/social-app/src/lib/build-flags.ts","statementMap":{"0":{"start":{"line":1,"column":41},"end":{"line":1,"column":45}},"1":{"start":{"line":2,"column":27},"end":{"line":2,"column":31}}},"fnMap":{},"branchMap":{},"s":{"0":0,"1":0},"f":{},"b":{},"all":true},"/Users/mercytum/Desktop/social-app/src/lib/custom-animations/ScaleAndFade.ts":{"path":"/Users/mercytum/Desktop/social-app/src/lib/custom-animations/ScaleAndFade.ts","statementMap":{"0":{"start":{"line":6,"column":21},"end":{"line":9,"column":3}},"1":{"start":{"line":11,"column":24},"end":{"line":14,"column":3}},"2":{"start":{"line":16,"column":2},"end":{"line":19,"column":3}},"3":{"start":{"line":25,"column":21},"end":{"line":28,"column":3}},"4":{"start":{"line":30,"column":24},"end":{"line":33,"column":3}},"5":{"start":{"line":35,"column":2},"end":{"line":38,"column":3}}},"fnMap":{"0":{"name":"ScaleAndFadeIn","decl":{"start":{"line":3,"column":16},"end":{"line":3,"column":30}},"loc":{"start":{"line":3,"column":33},"end":{"line":20,"column":1}},"line":3},"1":{"name":"ScaleAndFadeOut","decl":{"start":{"line":22,"column":16},"end":{"line":22,"column":31}},"loc":{"start":{"line":22,"column":34},"end":{"line":39,"column":1}},"line":22}},"branchMap":{},"s":{"0":0,"1":0,"2":0,"3":0,"4":0,"5":0},"f":{"0":0,"1":0},"b":{},"all":true},"/Users/mercytum/Desktop/social-app/src/lib/custom-animations/ShrinkAndPop.ts":{"path":"/Users/mercytum/Desktop/social-app/src/lib/custom-animations/ShrinkAndPop.ts","statementMap":{"0":{"start":{"line":6,"column":21},"end":{"line":16,"column":3}},"1":{"start":{"line":18,"column":24},"end":{"line":21,"column":3}},"2":{"start":{"line":23,"column":2},"end":{"line":26,"column":3}}},"fnMap":{"0":{"name":"ShrinkAndPop","decl":{"start":{"line":3,"column":16},"end":{"line":3,"column":28}},"loc":{"start":{"line":3,"column":31},"end":{"line":27,"column":1}},"line":3}},"branchMap":{},"s":{"0":0,"1":0,"2":0},"f":{"0":0},"b":{},"all":true},"/Users/mercytum/Desktop/social-app/src/lib/hooks/useAnimatedScrollHandler_FIXED.ts":{"path":"/Users/mercytum/Desktop/social-app/src/lib/hooks/useAnimatedScrollHandler_FIXED.ts","statementMap":{},"fnMap":{},"branchMap":{},"s":{},"f":{},"b":{},"all":true},"/Users/mercytum/Desktop/social-app/src/lib/hooks/useAppState.ts":{"path":"/Users/mercytum/Desktop/social-app/src/lib/hooks/useAppState.ts","statementMap":{"0":{"start":{"line":5,"column":28},"end":{"line":5,"column":59}},"1":{"start":{"line":7,"column":2},"end":{"line":12,"column":8}},"2":{"start":{"line":8,"column":16},"end":{"line":10,"column":6}},"3":{"start":{"line":9,"column":6},"end":{"line":9,"column":28}},"4":{"start":{"line":11,"column":4},"end":{"line":11,"column":29}},"5":{"start":{"line":11,"column":17},"end":{"line":11,"column":29}},"6":{"start":{"line":14,"column":2},"end":{"line":14,"column":14}}},"fnMap":{"0":{"name":"useAppState","decl":{"start":{"line":4,"column":16},"end":{"line":4,"column":27}},"loc":{"start":{"line":4,"column":30},"end":{"line":15,"column":1}},"line":4},"1":{"name":"(anonymous_1)","decl":{"start":{"line":7,"column":12},"end":{"line":7,"column":13}},"loc":{"start":{"line":7,"column":18},"end":{"line":12,"column":3}},"line":7},"2":{"name":"(anonymous_2)","decl":{"start":{"line":8,"column":52},"end":{"line":8,"column":53}},"loc":{"start":{"line":8,"column":68},"end":{"line":10,"column":5}},"line":8},"3":{"name":"(anonymous_3)","decl":{"start":{"line":11,"column":11},"end":{"line":11,"column":12}},"loc":{"start":{"line":11,"column":17},"end":{"line":11,"column":29}},"line":11}},"branchMap":{},"s":{"0":0,"1":0,"2":0,"3":0,"4":0,"5":0,"6":0},"f":{"0":0,"1":0,"2":0,"3":0},"b":{},"all":true},"/Users/mercytum/Desktop/social-app/src/lib/hooks/useEmail.ts":{"path":"/Users/mercytum/Desktop/social-app/src/lib/hooks/useEmail.ts","statementMap":{"0":{"start":{"line":8,"column":27},"end":{"line":8,"column":39}},"1":{"start":{"line":10,"column":32},"end":{"line":10,"column":55}},"2":{"start":{"line":11,"column":26},"end":{"line":11,"column":69}},"3":{"start":{"line":13,"column":30},"end":{"line":13,"column":66}},"4":{"start":{"line":17,"column":4},"end":{"line":18,"column":75}},"5":{"start":{"line":21,"column":4},"end":{"line":23,"column":38}},"6":{"start":{"line":26,"column":4},"end":{"line":29,"column":15}},"7":{"start":{"line":31,"column":2},"end":{"line":31,"column":33}}},"fnMap":{"0":{"name":"useEmail","decl":{"start":{"line":7,"column":16},"end":{"line":7,"column":24}},"loc":{"start":{"line":7,"column":27},"end":{"line":32,"column":1}},"line":7}},"branchMap":{"0":{"loc":{"start":{"line":17,"column":4},"end":{"line":18,"column":75}},"type":"binary-expr","locations":[{"start":{"line":17,"column":4},"end":{"line":17,"column":24}},{"start":{"line":18,"column":4},"end":{"line":18,"column":75}}],"line":17},"1":{"loc":{"start":{"line":21,"column":4},"end":{"line":23,"column":38}},"type":"binary-expr","locations":[{"start":{"line":21,"column":4},"end":{"line":21,"column":18}},{"start":{"line":22,"column":4},"end":{"line":23,"column":38}}],"line":21},"2":{"loc":{"start":{"line":26,"column":4},"end":{"line":29,"column":15}},"type":"binary-expr","locations":[{"start":{"line":26,"column":4},"end":{"line":26,"column":15}},{"start":{"line":27,"column":4},"end":{"line":27,"column":23}},{"start":{"line":28,"column":4},"end":{"line":28,"column":35}},{"start":{"line":29,"column":4},"end":{"line":29,"column":15}}],"line":26}},"s":{"0":0,"1":0,"2":0,"3":0,"4":0,"5":0,"6":0,"7":0},"f":{"0":0},"b":{"0":[0,0],"1":[0,0],"2":[0,0,0,0]},"all":true},"/Users/mercytum/Desktop/social-app/src/lib/hooks/useMinimalShellTransform.ts":{"path":"/Users/mercytum/Desktop/social-app/src/lib/hooks/useMinimalShellTransform.ts","statementMap":{"0":{"start":{"line":9,"column":23},"end":{"line":9,"column":44}},"1":{"start":{"line":10,"column":25},"end":{"line":10,"column":41}},"2":{"start":{"line":12,"column":26},"end":{"line":27,"column":4}},"3":{"start":{"line":13,"column":28},"end":{"line":13,"column":44}},"4":{"start":{"line":14,"column":4},"end":{"line":26,"column":5}},"5":{"start":{"line":29,"column":2},"end":{"line":29,"column":24}},"6":{"start":{"line":33,"column":23},"end":{"line":33,"column":44}},"7":{"start":{"line":34,"column":25},"end":{"line":34,"column":41}},"8":{"start":{"line":36,"column":26},"end":{"line":51,"column":4}},"9":{"start":{"line":37,"column":28},"end":{"line":37,"column":44}},"10":{"start":{"line":38,"column":4},"end":{"line":50,"column":5}},"11":{"start":{"line":53,"column":2},"end":{"line":53,"column":24}},"12":{"start":{"line":57,"column":23},"end":{"line":57,"column":44}},"13":{"start":{"line":59,"column":23},"end":{"line":67,"column":4}},"14":{"start":{"line":60,"column":4},"end":{"line":66,"column":5}},"15":{"start":{"line":68,"column":2},"end":{"line":68,"column":21}}},"fnMap":{"0":{"name":"useMinimalShellHeaderTransform","decl":{"start":{"line":8,"column":16},"end":{"line":8,"column":46}},"loc":{"start":{"line":8,"column":49},"end":{"line":30,"column":1}},"line":8},"1":{"name":"(anonymous_1)","decl":{"start":{"line":12,"column":43},"end":{"line":12,"column":44}},"loc":{"start":{"line":12,"column":49},"end":{"line":27,"column":3}},"line":12},"2":{"name":"useMinimalShellFooterTransform","decl":{"start":{"line":32,"column":16},"end":{"line":32,"column":46}},"loc":{"start":{"line":32,"column":49},"end":{"line":54,"column":1}},"line":32},"3":{"name":"(anonymous_3)","decl":{"start":{"line":36,"column":43},"end":{"line":36,"column":44}},"loc":{"start":{"line":36,"column":49},"end":{"line":51,"column":3}},"line":36},"4":{"name":"useMinimalShellFabTransform","decl":{"start":{"line":56,"column":16},"end":{"line":56,"column":43}},"loc":{"start":{"line":56,"column":46},"end":{"line":69,"column":1}},"line":56},"5":{"name":"(anonymous_5)","decl":{"start":{"line":59,"column":40},"end":{"line":59,"column":41}},"loc":{"start":{"line":59,"column":46},"end":{"line":67,"column":3}},"line":59}},"branchMap":{"0":{"loc":{"start":{"line":15,"column":21},"end":{"line":15,"column":60}},"type":"cond-expr","locations":[{"start":{"line":15,"column":45},"end":{"line":15,"column":51}},{"start":{"line":15,"column":54},"end":{"line":15,"column":60}}],"line":15},"1":{"loc":{"start":{"line":39,"column":21},"end":{"line":39,"column":60}},"type":"cond-expr","locations":[{"start":{"line":39,"column":45},"end":{"line":39,"column":51}},{"start":{"line":39,"column":54},"end":{"line":39,"column":60}}],"line":39}},"s":{"0":0,"1":0,"2":0,"3":0,"4":0,"5":0,"6":0,"7":0,"8":0,"9":0,"10":0,"11":0,"12":0,"13":0,"14":0,"15":0},"f":{"0":0,"1":0,"2":0,"3":0,"4":0,"5":0},"b":{"0":[0,0],"1":[0,0]},"all":true},"/Users/mercytum/Desktop/social-app/src/lib/hooks/useNavigationTabState.ts":{"path":"/Users/mercytum/Desktop/social-app/src/lib/hooks/useNavigationTabState.ts","statementMap":{"0":{"start":{"line":6,"column":2},"end":{"line":32,"column":4}},"1":{"start":{"line":7,"column":16},"end":{"line":16,"column":5}},"2":{"start":{"line":18,"column":4},"end":{"line":30,"column":5}},"3":{"start":{"line":29,"column":6},"end":{"line":29,"column":25}},"4":{"start":{"line":31,"column":4},"end":{"line":31,"column":14}}},"fnMap":{"0":{"name":"useNavigationTabState","decl":{"start":{"line":5,"column":16},"end":{"line":5,"column":37}},"loc":{"start":{"line":5,"column":40},"end":{"line":33,"column":1}},"line":5},"1":{"name":"(anonymous_1)","decl":{"start":{"line":6,"column":28},"end":{"line":6,"column":29}},"loc":{"start":{"line":6,"column":37},"end":{"line":32,"column":3}},"line":6}},"branchMap":{"0":{"loc":{"start":{"line":18,"column":4},"end":{"line":30,"column":5}},"type":"if","locations":[{"start":{"line":18,"column":4},"end":{"line":30,"column":5}},{"start":{},"end":{}}],"line":18},"1":{"loc":{"start":{"line":19,"column":6},"end":{"line":24,"column":23}},"type":"binary-expr","locations":[{"start":{"line":19,"column":6},"end":{"line":19,"column":19}},{"start":{"line":20,"column":6},"end":{"line":20,"column":21}},{"start":{"line":21,"column":6},"end":{"line":21,"column":20}},{"start":{"line":22,"column":6},"end":{"line":22,"column":28}},{"start":{"line":23,"column":6},"end":{"line":23,"column":24}},{"start":{"line":24,"column":6},"end":{"line":24,"column":23}}],"line":19}},"s":{"0":0,"1":0,"2":0,"3":0,"4":0},"f":{"0":0,"1":0},"b":{"0":[0,0],"1":[0,0,0,0,0,0]},"all":true},"/Users/mercytum/Desktop/social-app/src/lib/hooks/useNavigationTabState.web.ts":{"path":"/Users/mercytum/Desktop/social-app/src/lib/hooks/useNavigationTabState.web.ts","statementMap":{"0":{"start":{"line":6,"column":2},"end":{"line":15,"column":4}},"1":{"start":{"line":7,"column":23},"end":{"line":7,"column":67}},"2":{"start":{"line":8,"column":4},"end":{"line":14,"column":5}}},"fnMap":{"0":{"name":"useNavigationTabState","decl":{"start":{"line":5,"column":16},"end":{"line":5,"column":37}},"loc":{"start":{"line":5,"column":40},"end":{"line":16,"column":1}},"line":5},"1":{"name":"(anonymous_1)","decl":{"start":{"line":6,"column":28},"end":{"line":6,"column":29}},"loc":{"start":{"line":6,"column":37},"end":{"line":15,"column":3}},"line":6}},"branchMap":{"0":{"loc":{"start":{"line":7,"column":23},"end":{"line":7,"column":67}},"type":"cond-expr","locations":[{"start":{"line":7,"column":31},"end":{"line":7,"column":58}},{"start":{"line":7,"column":61},"end":{"line":7,"column":67}}],"line":7}},"s":{"0":0,"1":0,"2":0},"f":{"0":0,"1":0},"b":{"0":[0,0]},"all":true},"/Users/mercytum/Desktop/social-app/src/lib/hooks/useOTAUpdates.web.ts":{"path":"/Users/mercytum/Desktop/social-app/src/lib/hooks/useOTAUpdates.web.ts","statementMap":{},"fnMap":{"0":{"name":"useOTAUpdates","decl":{"start":{"line":1,"column":16},"end":{"line":1,"column":29}},"loc":{"start":{"line":1,"column":32},"end":{"line":1,"column":34}},"line":1}},"branchMap":{},"s":{},"f":{"0":0},"b":{},"all":true},"/Users/mercytum/Desktop/social-app/src/lib/hooks/usePermissions.web.ts":{"path":"/Users/mercytum/Desktop/social-app/src/lib/hooks/usePermissions.web.ts","statementMap":{"0":{"start":{"line":2,"column":37},"end":{"line":6,"column":3}},"1":{"start":{"line":5,"column":4},"end":{"line":5,"column":15}},"2":{"start":{"line":7,"column":2},"end":{"line":7,"column":37}},"3":{"start":{"line":11,"column":38},"end":{"line":13,"column":3}},"4":{"start":{"line":12,"column":4},"end":{"line":12,"column":16}},"5":{"start":{"line":15,"column":2},"end":{"line":15,"column":38}},"6":{"start":{"line":19,"column":37},"end":{"line":21,"column":3}},"7":{"start":{"line":20,"column":4},"end":{"line":20,"column":15}},"8":{"start":{"line":23,"column":2},"end":{"line":23,"column":37}}},"fnMap":{"0":{"name":"usePhotoLibraryPermission","decl":{"start":{"line":1,"column":16},"end":{"line":1,"column":41}},"loc":{"start":{"line":1,"column":44},"end":{"line":8,"column":1}},"line":1},"1":{"name":"(anonymous_1)","decl":{"start":{"line":2,"column":37},"end":{"line":2,"column":38}},"loc":{"start":{"line":2,"column":49},"end":{"line":6,"column":3}},"line":2},"2":{"name":"useCameraPermission","decl":{"start":{"line":10,"column":16},"end":{"line":10,"column":35}},"loc":{"start":{"line":10,"column":38},"end":{"line":16,"column":1}},"line":10},"3":{"name":"(anonymous_3)","decl":{"start":{"line":11,"column":38},"end":{"line":11,"column":39}},"loc":{"start":{"line":11,"column":50},"end":{"line":13,"column":3}},"line":11},"4":{"name":"useVideoLibraryPermission","decl":{"start":{"line":18,"column":16},"end":{"line":18,"column":41}},"loc":{"start":{"line":18,"column":44},"end":{"line":24,"column":1}},"line":18},"5":{"name":"(anonymous_5)","decl":{"start":{"line":19,"column":37},"end":{"line":19,"column":38}},"loc":{"start":{"line":19,"column":49},"end":{"line":21,"column":3}},"line":19}},"branchMap":{},"s":{"0":0,"1":0,"2":0,"3":0,"4":0,"5":0,"6":0,"7":0,"8":0},"f":{"0":0,"1":0,"2":0,"3":0,"4":0,"5":0},"b":{},"all":true},"/Users/mercytum/Desktop/social-app/src/lib/hooks/useWebMediaQueries.tsx":{"path":"/Users/mercytum/Desktop/social-app/src/lib/hooks/useWebMediaQueries.tsx","statementMap":{"0":{"start":{"line":6,"column":20},"end":{"line":6,"column":51}},"1":{"start":{"line":7,"column":19},"end":{"line":7,"column":69}},"2":{"start":{"line":8,"column":19},"end":{"line":8,"column":53}},"3":{"start":{"line":9,"column":27},"end":{"line":9,"column":47}},"4":{"start":{"line":10,"column":28},"end":{"line":10,"column":49}},"5":{"start":{"line":11,"column":2},"end":{"line":19,"column":3}},"6":{"start":{"line":12,"column":4},"end":{"line":18,"column":5}},"7":{"start":{"line":20,"column":2},"end":{"line":20,"column":77}}},"fnMap":{"0":{"name":"useWebMediaQueries","decl":{"start":{"line":5,"column":16},"end":{"line":5,"column":34}},"loc":{"start":{"line":5,"column":37},"end":{"line":21,"column":1}},"line":5}},"branchMap":{"0":{"loc":{"start":{"line":9,"column":27},"end":{"line":9,"column":47}},"type":"binary-expr","locations":[{"start":{"line":9,"column":27},"end":{"line":9,"column":35}},{"start":{"line":9,"column":39},"end":{"line":9,"column":47}}],"line":9},"1":{"loc":{"start":{"line":10,"column":28},"end":{"line":10,"column":49}},"type":"binary-expr","locations":[{"start":{"line":10,"column":28},"end":{"line":10,"column":37}},{"start":{"line":10,"column":41},"end":{"line":10,"column":49}}],"line":10},"2":{"loc":{"start":{"line":11,"column":2},"end":{"line":19,"column":3}},"type":"if","locations":[{"start":{"line":11,"column":2},"end":{"line":19,"column":3}},{"start":{},"end":{}}],"line":11}},"s":{"0":0,"1":0,"2":0,"3":0,"4":0,"5":0,"6":0,"7":0},"f":{"0":0},"b":{"0":[0,0],"1":[0,0],"2":[0,0]},"all":true},"/Users/mercytum/Desktop/social-app/src/lib/hooks/useWebScrollRestoration.native.ts":{"path":"/Users/mercytum/Desktop/social-app/src/lib/hooks/useWebScrollRestoration.native.ts","statementMap":{"0":{"start":{"line":2,"column":2},"end":{"line":2,"column":18}}},"fnMap":{"0":{"name":"useWebScrollRestoration","decl":{"start":{"line":1,"column":16},"end":{"line":1,"column":39}},"loc":{"start":{"line":1,"column":42},"end":{"line":3,"column":1}},"line":1}},"branchMap":{},"s":{"0":0},"f":{"0":0},"b":{},"all":true},"/Users/mercytum/Desktop/social-app/src/lib/media/avatar-generator.tsx":{"path":"/Users/mercytum/Desktop/social-app/src/lib/media/avatar-generator.tsx","statementMap":{},"fnMap":{},"branchMap":{},"s":{},"f":{},"b":{},"all":true},"/Users/mercytum/Desktop/social-app/src/lib/strings/constants.ts":{"path":"/Users/mercytum/Desktop/social-app/src/lib/strings/constants.ts","statementMap":{"0":{"start":{"line":1,"column":34},"end":{"line":1,"column":42}}},"fnMap":{},"branchMap":{},"s":{"0":0},"f":{},"b":{},"all":true},"/Users/mercytum/Desktop/social-app/src/locale/locales/an/messages.js":{"path":"/Users/mercytum/Desktop/social-app/src/locale/locales/an/messages.js","statementMap":{"0":{"start":{"line":1,"column":18},"end":{"line":1,"column":103780}}},"fnMap":{},"branchMap":{},"s":{"0":0},"f":{},"b":{},"all":true},"/Users/mercytum/Desktop/social-app/src/locale/locales/ast/messages.js":{"path":"/Users/mercytum/Desktop/social-app/src/locale/locales/ast/messages.js","statementMap":{"0":{"start":{"line":1,"column":18},"end":{"line":1,"column":98394}}},"fnMap":{},"branchMap":{},"s":{"0":0},"f":{},"b":{},"all":true},"/Users/mercytum/Desktop/social-app/src/locale/locales/ca/messages.js":{"path":"/Users/mercytum/Desktop/social-app/src/locale/locales/ca/messages.js","statementMap":{"0":{"start":{"line":1,"column":18},"end":{"line":1,"column":104103}}},"fnMap":{},"branchMap":{},"s":{"0":0},"f":{},"b":{},"all":true},"/Users/mercytum/Desktop/social-app/src/locale/locales/cy/messages.js":{"path":"/Users/mercytum/Desktop/social-app/src/locale/locales/cy/messages.js","statementMap":{"0":{"start":{"line":1,"column":18},"end":{"line":1,"column":100694}}},"fnMap":{},"branchMap":{},"s":{"0":0},"f":{},"b":{},"all":true},"/Users/mercytum/Desktop/social-app/src/locale/locales/da/messages.js":{"path":"/Users/mercytum/Desktop/social-app/src/locale/locales/da/messages.js","statementMap":{"0":{"start":{"line":1,"column":18},"end":{"line":1,"column":93619}}},"fnMap":{},"branchMap":{},"s":{"0":0},"f":{},"b":{},"all":true},"/Users/mercytum/Desktop/social-app/src/locale/locales/de/messages.js":{"path":"/Users/mercytum/Desktop/social-app/src/locale/locales/de/messages.js","statementMap":{"0":{"start":{"line":1,"column":18},"end":{"line":1,"column":102642}}},"fnMap":{},"branchMap":{},"s":{"0":0},"f":{},"b":{},"all":true},"/Users/mercytum/Desktop/social-app/src/locale/locales/el/messages.js":{"path":"/Users/mercytum/Desktop/social-app/src/locale/locales/el/messages.js","statementMap":{"0":{"start":{"line":1,"column":18},"end":{"line":1,"column":107432}}},"fnMap":{},"branchMap":{},"s":{"0":0},"f":{},"b":{},"all":true},"/Users/mercytum/Desktop/social-app/src/locale/locales/en-GB/messages.js":{"path":"/Users/mercytum/Desktop/social-app/src/locale/locales/en-GB/messages.js","statementMap":{"0":{"start":{"line":1,"column":18},"end":{"line":1,"column":92364}}},"fnMap":{},"branchMap":{},"s":{"0":0},"f":{},"b":{},"all":true},"/Users/mercytum/Desktop/social-app/src/locale/locales/en/messages.js":{"path":"/Users/mercytum/Desktop/social-app/src/locale/locales/en/messages.js","statementMap":{"0":{"start":{"line":1,"column":18},"end":{"line":1,"column":94526}}},"fnMap":{},"branchMap":{},"s":{"0":0},"f":{},"b":{},"all":true},"/Users/mercytum/Desktop/social-app/src/locale/locales/eo/messages.js":{"path":"/Users/mercytum/Desktop/social-app/src/locale/locales/eo/messages.js","statementMap":{"0":{"start":{"line":1,"column":18},"end":{"line":1,"column":95717}}},"fnMap":{},"branchMap":{},"s":{"0":0},"f":{},"b":{},"all":true},"/Users/mercytum/Desktop/social-app/src/locale/locales/es/messages.js":{"path":"/Users/mercytum/Desktop/social-app/src/locale/locales/es/messages.js","statementMap":{"0":{"start":{"line":1,"column":18},"end":{"line":1,"column":103764}}},"fnMap":{},"branchMap":{},"s":{"0":0},"f":{},"b":{},"all":true},"/Users/mercytum/Desktop/social-app/src/locale/locales/eu/messages.js":{"path":"/Users/mercytum/Desktop/social-app/src/locale/locales/eu/messages.js","statementMap":{"0":{"start":{"line":1,"column":18},"end":{"line":1,"column":102210}}},"fnMap":{},"branchMap":{},"s":{"0":0},"f":{},"b":{},"all":true},"/Users/mercytum/Desktop/social-app/src/locale/l
[...]
start":{"line":1,"column":16},"end":{"line":1,"column":32}},"loc":{"start":{"line":1,"column":35},"end":{"line":1,"column":37}},"line":1}},"branchMap":{},"s":{},"f":{"0":0},"b":{},"all":true},"/Users/mercytum/Desktop/social-app/src/screens/Settings/AppIconSettings/useCurrentAppIcon.ts":{"path":"/Users/mercytum/Desktop/social-app/src/screens/Settings/AppIconSettings/useCurrentAppIcon.ts","statementMap":{"0":{"start":{"line":8,"column":22},"end":{"line":8,"column":38}},"1":{"start":{"line":9,"column":46},"end":{"line":11,"column":3}},"2":{"start":{"line":10,"column":4},"end":{"line":10,"column":31}},"3":{"start":{"line":14,"column":2},"end":{"line":18,"column":3}},"4":{"start":{"line":16,"column":6},"end":{"line":16,"column":52}},"5":{"start":{"line":20,"column":2},"end":{"line":26,"column":35}},"6":{"start":{"line":21,"column":4},"end":{"line":25,"column":5}},"7":{"start":{"line":22,"column":37},"end":{"line":22,"column":60}},"8":{"start":{"line":23,"column":33},"end":{"line":23,"column":56}}},"fnMap":{"0":{"name":"useCurrentAppIcon","decl":{"start":{"line":7,"column":16},"end":{"line":7,"column":33}},"loc":{"start":{"line":7,"column":36},"end":{"line":27,"column":1}},"line":7},"1":{"name":"(anonymous_1)","decl":{"start":{"line":9,"column":55},"end":{"line":9,"column":56}},"loc":{"start":{"line":10,"column":4},"end":{"line":10,"column":31}},"line":10},"2":{"name":"(anonymous_2)","decl":{"start":{"line":15,"column":16},"end":{"line":15,"column":17}},"loc":{"start":{"line":15,"column":22},"end":{"line":17,"column":5}},"line":15},"3":{"name":"(anonymous_3)","decl":{"start":{"line":20,"column":17},"end":{"line":20,"column":18}},"loc":{"start":{"line":20,"column":23},"end":{"line":26,"column":3}},"line":20},"4":{"name":"(anonymous_4)","decl":{"start":{"line":22,"column":32},"end":{"line":22,"column":33}},"loc":{"start":{"line":22,"column":37},"end":{"line":22,"column":60}},"line":22},"5":{"name":"(anonymous_5)","decl":{"start":{"line":23,"column":28},"end":{"line":23,"column":29}},"loc":{"start":{"line":23,"column":33},"end":{"line":23,"column":56}},"line":23}},"branchMap":{"0":{"loc":{"start":{"line":22,"column":6},"end":{"line":24,"column":29}},"type":"binary-expr","locations":[{"start":{"line":22,"column":6},"end":{"line":22,"column":61}},{"start":{"line":23,"column":6},"end":{"line":23,"column":57}},{"start":{"line":24,"column":6},"end":{"line":24,"column":29}}],"line":22}},"s":{"0":0,"1":0,"2":0,"3":0,"4":0,"5":0,"6":0,"7":0,"8":0},"f":{"0":0,"1":0,"2":0,"3":0,"4":0,"5":0},"b":{"0":[0,0,0]},"all":true},"/Users/mercytum/Desktop/social-app/src/screens/Settings/components/OTAInfo.web.tsx":{"path":"/Users/mercytum/Desktop/social-app/src/screens/Settings/components/OTAInfo.web.tsx","statementMap":{"0":{"start":{"line":2,"column":2},"end":{"line":2,"column":13}}},"fnMap":{"0":{"name":"OTAInfo","decl":{"start":{"line":1,"column":16},"end":{"line":1,"column":23}},"loc":{"start":{"line":1,"column":26},"end":{"line":3,"column":1}},"line":1}},"branchMap":{},"s":{"0":0},"f":{"0":0},"b":{},"all":true},"/Users/mercytum/Desktop/social-app/src/screens/VideoFeed/index.web.tsx":{"path":"/Users/mercytum/Desktop/social-app/src/screens/VideoFeed/index.web.tsx","statementMap":{"0":{"start":{"line":2,"column":2},"end":{"line":2,"column":13}}},"fnMap":{"0":{"name":"VideoFeed","decl":{"start":{"line":1,"column":16},"end":{"line":1,"column":25}},"loc":{"start":{"line":1,"column":28},"end":{"line":3,"column":1}},"line":1}},"branchMap":{},"s":{"0":0},"f":{"0":0},"b":{},"all":true},"/Users/mercytum/Desktop/social-app/src/state/messages/convo/const.ts":{"path":"/Users/mercytum/Desktop/social-app/src/state/messages/convo/const.ts","statementMap":{"0":{"start":{"line":1,"column":36},"end":{"line":1,"column":39}},"1":{"start":{"line":2,"column":44},"end":{"line":2,"column":48}},"2":{"start":{"line":3,"column":40},"end":{"line":3,"column":44}},"3":{"start":{"line":4,"column":32},"end":{"line":4,"column":40}},"4":{"start":{"line":6,"column":40},"end":{"line":8,"column":1}}},"fnMap":{},"branchMap":{},"s":{"0":0,"1":0,"2":0,"3":0,"4":0},"f":{},"b":{},"all":true},"/Users/mercytum/Desktop/social-app/src/state/messages/events/const.ts":{"path":"/Users/mercytum/Desktop/social-app/src/state/messages/events/const.ts","statementMap":{"0":{"start":{"line":1,"column":37},"end":{"line":1,"column":41}},"1":{"start":{"line":2,"column":40},"end":{"line":2,"column":48}}},"fnMap":{},"branchMap":{},"s":{"0":0,"1":0},"f":{},"b":{},"all":true},"/Users/mercytum/Desktop/social-app/src/state/queries/index.ts":{"path":"/Users/mercytum/Desktop/social-app/src/state/queries/index.ts","statementMap":{"0":{"start":{"line":1,"column":15},"end":{"line":1,"column":18}},"1":{"start":{"line":2,"column":15},"end":{"line":2,"column":26}},"2":{"start":{"line":3,"column":13},"end":{"line":3,"column":24}},"3":{"start":{"line":5,"column":21},"end":{"line":20,"column":1}}},"fnMap":{},"branchMap":{},"s":{"0":0,"1":0,"2":0,"3":0},"f":{},"b":{},"all":true},"/Users/mercytum/Desktop/social-app/src/state/queries/messages/const.ts":{"path":"/Users/mercytum/Desktop/social-app/src/state/queries/messages/const.ts","statementMap":{"0":{"start":{"line":1,"column":34},"end":{"line":3,"column":1}}},"fnMap":{},"branchMap":{},"s":{"0":0},"f":{},"b":{},"all":true},"/Users/mercytum/Desktop/social-app/src/state/queries/trending/useGetSuggestedFeedsQuery.ts":{"path":"/Users/mercytum/Desktop/social-app/src/state/queries/trending/useGetSuggestedFeedsQuery.ts","statementMap":{"0":{"start":{"line":12,"column":29},"end":{"line":12,"column":30}},"1":{"start":{"line":14,"column":47},"end":{"line":14,"column":72}},"2":{"start":{"line":14,"column":53},"end":{"line":14,"column":72}},"3":{"start":{"line":17,"column":16},"end":{"line":17,"column":26}},"4":{"start":{"line":18,"column":30},"end":{"line":18,"column":51}},"5":{"start":{"line":19,"column":21},"end":{"line":19,"column":44}},"6":{"start":{"line":21,"column":2},"end":{"line":47,"column":4}},"7":{"start":{"line":27,"column":27},"end":{"line":27,"column":58}},"8":{"start":{"line":28,"column":21},"end":{"line":38,"column":7}},"9":{"start":{"line":40,"column":6},"end":{"line":45,"column":7}},"10":{"start":{"line":42,"column":26},"end":{"line":42,"column":71}},"11":{"start":{"line":42,"column":50},"end":{"line":42,"column":70}},"12":{"start":{"line":43,"column":10},"end":{"line":43,"column":25}}},"fnMap":{"0":{"name":"(anonymous_0)","decl":{"start":{"line":14,"column":47},"end":{"line":14,"column":48}},"loc":{"start":{"line":14,"column":53},"end":{"line":14,"column":72}},"line":14},"1":{"name":"useGetSuggestedFeedsQuery","decl":{"start":{"line":16,"column":16},"end":{"line":16,"column":41}},"loc":{"start":{"line":16,"column":44},"end":{"line":48,"column":1}},"line":16},"2":{"name":"(anonymous_2)","decl":{"start":{"line":26,"column":13},"end":{"line":26,"column":14}},"loc":{"start":{"line":26,"column":25},"end":{"line":46,"column":5}},"line":26},"3":{"name":"(anonymous_3)","decl":{"start":{"line":41,"column":33},"end":{"line":41,"column":34}},"loc":{"start":{"line":41,"column":41},"end":{"line":44,"column":9}},"line":41},"4":{"name":"(anonymous_4)","decl":{"start":{"line":42,"column":45},"end":{"line":42,"column":46}},"loc":{"start":{"line":42,"column":50},"end":{"line":42,"column":70}},"line":42}},"branchMap":{},"s":{"0":0,"1":0,"2":0,"3":0,"4":0,"5":0,"6":0,"7":0,"8":0,"9":0,"10":0,"11":0,"12":0},"f":{"0":0,"1":0,"2":0,"3":0,"4":0},"b":{},"all":true},"/Users/mercytum/Desktop/social-app/src/state/queries/useSuggestedStarterPacksQuery.ts":{"path":"/Users/mercytum/Desktop/social-app/src/state/queries/useSuggestedStarterPacksQuery.ts","statementMap":{"0":{"start":{"line":12,"column":51},"end":{"line":14,"column":1}},"1":{"start":{"line":12,"column":57},"end":{"line":14,"column":1}},"2":{"start":{"line":17,"column":16},"end":{"line":17,"column":26}},"3":{"start":{"line":18,"column":30},"end":{"line":18,"column":51}},"4":{"start":{"line":19,"column":23},"end":{"line":19,"column":54}},"5":{"start":{"line":21,"column":2},"end":{"line":38,"column":4}},"6":{"start":{"line":27,"column":21},"end":{"line":35,"column":7}},"7":{"start":{"line":36,"column":6},"end":{"line":36,"column":17}}},"fnMap":{"0":{"name":"(anonymous_0)","decl":{"start":{"line":12,"column":51},"end":{"line":12,"column":52}},"loc":{"start":{"line":12,"column":57},"end":{"line":14,"column":1}},"line":12},"1":{"name":"useSuggestedStarterPacksQuery","decl":{"start":{"line":16,"column":16},"end":{"line":16,"column":45}},"loc":{"start":{"line":16,"column":48},"end":{"line":39,"column":1}},"line":16},"2":{"name":"(anonymous_2)","decl":{"start":{"line":26,"column":4},"end":{"line":26,"column":5}},"loc":{"start":{"line":26,"column":20},"end":{"line":37,"column":5}},"line":26}},"branchMap":{},"s":{"0":0,"1":0,"2":0,"3":0,"4":0,"5":0,"6":0,"7":0},"f":{"0":0,"1":0,"2":0},"b":{},"all":true},"/Users/mercytum/Desktop/social-app/src/state/shell/reminders.e2e.ts":{"path":"/Users/mercytum/Desktop/social-app/src/state/shell/reminders.e2e.ts","statementMap":{"0":{"start":{"line":2,"column":2},"end":{"line":2,"column":14}}},"fnMap":{"0":{"name":"shouldRequestEmailConfirmation","decl":{"start":{"line":1,"column":16},"end":{"line":1,"column":46}},"loc":{"start":{"line":1,"column":49},"end":{"line":3,"column":1}},"line":1},"1":{"name":"snoozeEmailConfirmationPrompt","decl":{"start":{"line":5,"column":16},"end":{"line":5,"column":45}},"loc":{"start":{"line":5,"column":48},"end":{"line":5,"column":50}},"line":5}},"branchMap":{},"s":{"0":0},"f":{"0":0,"1":0},"b":{},"all":true},"/Users/mercytum/Desktop/social-app/src/state/util.ts":{"path":"/Users/mercytum/Desktop/social-app/src/state/util.ts","statementMap":{"0":{"start":{"line":14,"column":26},"end":{"line":14,"column":47}},"1":{"start":{"line":15,"column":23},"end":{"line":15,"column":41}},"2":{"start":{"line":16,"column":26},"end":{"line":16,"column":47}},"3":{"start":{"line":17,"column":28},"end":{"line":17,"column":58}},"4":{"start":{"line":18,"column":24},"end":{"line":18,"column":42}},"5":{"start":{"line":19,"column":2},"end":{"line":34,"column":80}},"6":{"start":{"line":20,"column":4},"end":{"line":22,"column":5}},"7":{"start":{"line":21,"column":6},"end":{"line":21,"column":17}},"8":{"start":{"line":23,"column":4},"end":{"line":25,"column":5}},"9":{"start":{"line":24,"column":6},"end":{"line":24,"column":17}},"10":{"start":{"line":26,"column":4},"end":{"line":28,"column":5}},"11":{"start":{"line":27,"column":6},"end":{"line":27,"column":17}},"12":{"start":{"line":29,"column":4},"end":{"line":31,"column":5}},"13":{"start":{"line":30,"column":6},"end":{"line":30,"column":17}},"14":{"start":{"line":32,"column":4},"end":{"line":32,"column":24}},"15":{"start":{"line":33,"column":4},"end":{"line":33,"column":16}},"16":{"start":{"line":41,"column":26},"end":{"line":41,"column":47}},"17":{"start":{"line":42,"column":27},"end":{"line":42,"column":45}},"18":{"start":{"line":43,"column":26},"end":{"line":43,"column":47}},"19":{"start":{"line":44,"column":45},"end":{"line":44,"column":75}},"20":{"start":{"line":45,"column":24},"end":{"line":45,"column":42}},"21":{"start":{"line":46,"column":2},"end":{"line":58,"column":4}},"22":{"start":{"line":47,"column":4},"end":{"line":47,"column":19}},"23":{"start":{"line":48,"column":4},"end":{"line":48,"column":20}},"24":{"start":{"line":49,"column":4},"end":{"line":49,"column":19}},"25":{"start":{"line":50,"column":4},"end":{"line":50,"column":21}},"26":{"start":{"line":51,"column":4},"end":{"line":51,"column":24}}},"fnMap":{"0":{"name":"useCloseAnyActiveElement","decl":{"start":{"line":13,"column":16},"end":{"line":13,"column":40}},"loc":{"start":{"line":13,"column":43},"end":{"line":35,"column":1}},"line":13},"1":{"name":"(anonymous_1)","decl":{"start":{"line":19,"column":21},"end":{"line":19,"column":22}},"loc":{"start":{"line":19,"column":27},"end":{"line":34,"column":3}},"line":19},"2":{"name":"useCloseAllActiveElements","decl":{"start":{"line":40,"column":16},"end":{"line":40,"column":41}},"loc":{"start":{"line":40,"column":44},"end":{"line":59,"column":1}},"line":40},"3":{"name":"(anonymous_3)","decl":{"start":{"line":46,"column":21},"end":{"line":46,"column":22}},"loc":{"start":{"line":46,"column":27},"end":{"line":52,"column":3}},"line":46}},"branchMap":{"0":{"loc":{"start":{"line":20,"column":4},"end":{"line":22,"column":5}},"type":"if","locations":[{"start":{"line":20,"column":4},"end":{"line":22,"column":5}},{"start":{},"end":{}}],"line":20},"1":{"loc":{"start":{"line":23,"column":4},"end":{"line":25,"column":5}},"type":"if","locations":[{"start":{"line":23,"column":4},"end":{"line":25,"column":5}},{"start":{},"end":{}}],"line":23},"2":{"loc":{"start":{"line":26,"column":4},"end":{"line":28,"column":5}},"type":"if","locations":[{"start":{"line":26,"column":4},"end":{"line":28,"column":5}},{"start":{},"end":{}}],"line":26},"3":{"loc":{"start":{"line":29,"column":4},"end":{"line":31,"column":5}},"type":"if","locations":[{"start":{"line":29,"column":4},"end":{"line":31,"column":5}},{"start":{},"end":{}}],"line":29}},"s":{"0":0,"1":0,"2":0,"3":0,"4":0,"5":0,"6":0,"7":0,"8":0,"9":0,"10":0,"11":0,"12":0,"13":0,"14":0,"15":0,"16":0,"17":0,"18":0,"19":0,"20":0,"21":0,"22":0,"23":0,"24":0,"25":0,"26":0},"f":{"0":0,"1":0,"2":0,"3":0},"b":{"0":[0,0],"1":[0,0],"2":[0,0],"3":[0,0]},"all":true},"/Users/mercytum/Desktop/social-app/src/view/com/composer/photos/OpenCameraBtn.web.tsx":{"path":"/Users/mercytum/Desktop/social-app/src/view/com/composer/photos/OpenCameraBtn.web.tsx","statementMap":{"0":{"start":{"line":2,"column":2},"end":{"line":2,"column":13}}},"fnMap":{"0":{"name":"OpenCameraBtn","decl":{"start":{"line":1,"column":16},"end":{"line":1,"column":29}},"loc":{"start":{"line":1,"column":32},"end":{"line":3,"column":1}},"line":1}},"branchMap":{},"s":{"0":0},"f":{"0":0},"b":{},"all":true},"/Users/mercytum/Desktop/social-app/src/view/com/composer/text-input/textInputWebEmitter.ts":{"path":"/Users/mercytum/Desktop/social-app/src/view/com/composer/text-input/textInputWebEmitter.ts","statementMap":{"0":{"start":{"line":3,"column":35},"end":{"line":3,"column":53}}},"fnMap":{},"branchMap":{},"s":{"0":0},"f":{},"b":{},"all":true},"/Users/mercytum/Desktop/social-app/src/view/com/composer/videos/SubtitleFilePicker.native.tsx":{"path":"/Users/mercytum/Desktop/social-app/src/view/com/composer/videos/SubtitleFilePicker.native.tsx","statementMap":{"0":{"start":{"line":2,"column":2},"end":{"line":2,"column":63}}},"fnMap":{"0":{"name":"SubtitleFilePicker","decl":{"start":{"line":1,"column":16},"end":{"line":1,"column":34}},"loc":{"start":{"line":1,"column":37},"end":{"line":3,"column":1}},"line":1}},"branchMap":{},"s":{"0":0},"f":{"0":0},"b":{},"all":true},"/Users/mercytum/Desktop/social-app/src/view/com/composer/videos/VideoTranscodeBackdrop.web.tsx":{"path":"/Users/mercytum/Desktop/social-app/src/view/com/composer/videos/VideoTranscodeBackdrop.web.tsx","statementMap":{"0":{"start":{"line":6,"column":2},"end":{"line":6,"column":13}}},"fnMap":{"0":{"name":"clearThumbnailCache","decl":{"start":{"line":1,"column":16},"end":{"line":1,"column":35}},"loc":{"start":{"line":1,"column":38},"end":{"line":3,"column":1}},"line":1},"1":{"name":"VideoTranscodeBackdrop","decl":{"start":{"line":5,"column":16},"end":{"line":5,"column":38}},"loc":{"start":{"line":5,"column":41},"end":{"line":7,"column":1}},"line":5}},"branchMap":{},"s":{"0":0},"f":{"0":0,"1":0},"b":{},"all":true},"/Users/mercytum/Desktop/social-app/src/view/com/home/HomeHeaderLayout.tsx":{"path":"/Users/mercytum/Desktop/social-app/src/view/com/home/HomeHeaderLayout.tsx","statementMap":{},"fnMap":{},"branchMap":{},"s":{},"f":{},"b":{},"all":true},"/Users/mercytum/Desktop/social-app/src/view/com/modals/util.tsx":{"path":"/Users/mercytum/Desktop/social-app/src/view/com/modals/util.tsx","statementMap":{},"fnMap":{},"branchMap":{},"s":{},"f":{},"b":{},"all":true},"/Users/mercytum/Desktop/social-app/src/view/com/modals/util.web.tsx":{"path":"/Users/mercytum/Desktop/social-app/src/view/com/modals/util.web.tsx","statementMap":{},"fnMap":{},"branchMap":{},"s":{},"f":{},"b":{},"all":true},"/Users/mercytum/Desktop/social-app/src/view/com/testing/TestCtrls.tsx":{"path":"/Users/mercytum/Desktop/social-app/src/view/com/testing/TestCtrls.tsx","statementMap":{"0":{"start":{"line":2,"column":2},"end":{"line":2,"column":13}}},"fnMap":{"0":{"name":"TestCtrls","decl":{"start":{"line":1,"column":16},"end":{"line":1,"column":25}},"loc":{"start":{"line":1,"column":28},"end":{"line":3,"column":1}},"line":1}},"branchMap":{},"s":{"0":0},"f":{"0":0},"b":{},"all":true},"/Users/mercytum/Desktop/social-app/src/view/com/util/Alert.tsx":{"path":"/Users/mercytum/Desktop/social-app/src/view/com/util/Alert.tsx","statementMap":{},"fnMap":{},"branchMap":{},"s":{},"f":{},"b":{},"all":true},"/Users/mercytum/Desktop/social-app/src/view/com/util/fab/FAB.tsx":{"path":"/Users/mercytum/Desktop/social-app/src/view/com/util/fab/FAB.tsx","statementMap":{},"fnMap":{},"branchMap":{},"s":{},"f":{},"b":{},"all":true},"/Users/mercytum/Desktop/social-app/src/view/com/util/images/Image.web.tsx":{"path":"/Users/mercytum/Desktop/social-app/src/view/com/util/images/Image.web.tsx","statementMap":{"0":{"start":{"line":3,"column":33},"end":{"line":3,"column":38}}},"fnMap":{},"branchMap":{},"s":{"0":0},"f":{},"b":{},"all":true},"/Users/mercytum/Desktop/social-app/src/view/com/util/post-embeds/VideoEmbedInner/VideoEmbedInnerNative.web.tsx":{"path":"/Users/mercytum/Desktop/social-app/src/view/com/util/post-embeds/VideoEmbedInner/VideoEmbedInnerNative.web.tsx","statementMap":{"0":{"start":{"line":2,"column":2},"end":{"line":2,"column":66}}},"fnMap":{"0":{"name":"VideoEmbedInnerNative","decl":{"start":{"line":1,"column":16},"end":{"line":1,"column":37}},"loc":{"start":{"line":1,"column":40},"end":{"line":3,"column":1}},"line":1}},"branchMap":{},"s":{"0":0},"f":{"0":0},"b":{},"all":true},"/Users/mercytum/Desktop/social-app/src/view/com/util/post-embeds/VideoEmbedInner/VideoEmbedInnerWeb.native.tsx":{"path":"/Users/mercytum/Desktop/social-app/src/view/com/util/post-embeds/VideoEmbedInner/VideoEmbedInnerWeb.native.tsx","statementMap":{"0":{"start":{"line":2,"column":2},"end":{"line":2,"column":66}}},"fnMap":{"0":{"name":"VideoEmbedInnerWeb","decl":{"start":{"line":1,"column":16},"end":{"line":1,"column":34}},"loc":{"start":{"line":1,"column":37},"end":{"line":3,"column":1}},"line":1}},"branchMap":{},"s":{"0":0},"f":{"0":0},"b":{},"all":true},"/Users/mercytum/Desktop/social-app/src/view/com/util/post-embeds/VideoEmbedInner/web-controls/VideoControls.native.tsx":{"path":"/Users/mercytum/Desktop/social-app/src/view/com/util/post-embeds/VideoEmbedInner/web-controls/VideoControls.native.tsx","statementMap":{"0":{"start":{"line":2,"column":2},"end":{"line":2,"column":64}}},"fnMap":{"0":{"name":"Controls","decl":{"start":{"line":1,"column":16},"end":{"line":1,"column":24}},"loc":{"start":{"line":1,"column":27},"end":{"line":3,"column":1}},"line":1}},"branchMap":{},"s":{"0":0},"f":{"0":0},"b":{},"all":true},"/Users/mercytum/Desktop/social-app/src/view/com/util/Toast.e2e.tsx":{"path":"/Users/mercytum/Desktop/social-app/src/view/com/util/Toast.e2e.tsx","statementMap":{},"fnMap":{"0":{"name":"show","decl":{"start":{"line":1,"column":16},"end":{"line":1,"column":20}},"loc":{"start":{"line":1,"column":23},"end":{"line":1,"column":25}},"line":1}},"branchMap":{},"s":{},"f":{"0":0},"b":{},"all":true},"/Users/mercytum/Desktop/social-app/src/view/icons/index.tsx":{"path":"/Users/mercytum/Desktop/social-app/src/view/icons/index.tsx","statementMap":{"0":{"start":{"line":111,"column":0},"end":{"line":220,"column":1}}},"fnMap":{},"branchMap":{},"s":{"0":0},"f":{},"b":{},"all":true},"/Users/mercytum/Desktop/social-app/src/view/shell/bottom-bar/BottomBarStyles.tsx":{"path":"/Users/mercytum/Desktop/social-app/src/view/shell/bottom-bar/BottomBarStyles.tsx","statementMap":{"0":{"start":{"line":5,"column":22},"end":{"line":78,"column":2}}},"fnMap":{},"branchMap":{},"s":{"0":0},"f":{},"b":{},"all":true}}